2026-03-09T13:37:35.833Z INFO Is remote: false
2026-03-09T13:37:35.835Z INFO Starting Local. Installation path: c:\Users\mohan\OneDrive\Desktop\Exam
2026-03-09T13:37:35.836Z INFO [MainProvider] Creating new MainProvider instance...
2026-03-09T13:37:35.845Z INFO [TabsManager] Code view listener set up at initialization
2026-03-09T13:37:35.846Z INFO Installation path exists: c:\Users\mohan\OneDrive\Desktop\Exam
2026-03-09T13:37:35.848Z INFO Initializing database with URL: file:c:\Users\mohan\OneDrive\Desktop\Exam\pythagora-core\data\database\pythagora.db
2026-03-09T13:37:35.852Z INFO Database file exists, skipping prisma generate/push for faster startup
2026-03-09T13:37:35.855Z INFO Database initialized successfully
2026-03-09T13:37:35.857Z INFO [Migration] Checking for database migration...
2026-03-09T13:37:36.015Z INFO [Migration] No migration needed
2026-03-09T13:43:41.979Z INFO [TabsManager] First file opened, triggering split view
2026-03-09T13:43:41.981Z INFO [MainProvider] First file opened, creating split view
2026-03-09T16:12:04.390Z INFO [TabsManager] First file opened, triggering split view
2026-03-09T16:12:04.391Z INFO [MainProvider] First file opened, creating split view
2026-03-09T16:17:13.760Z INFO [TabsManager] First file opened, triggering split view
2026-03-09T16:17:13.761Z INFO [MainProvider] First file opened, creating split view
2026-03-09T16:19:05.372Z INFO [TabsManager] First file opened, triggering split view
2026-03-09T16:19:05.372Z INFO [MainProvider] First file opened, creating split view
2026-03-09T16:19:12.483Z INFO [TabsManager] First file opened, triggering split view
2026-03-09T16:19:12.484Z INFO [MainProvider] First file opened, creating split view
2026-03-09T16:19:47.827Z INFO [TabsManager] First file opened, triggering split view
2026-03-09T16:19:47.827Z INFO [MainProvider] First file opened, creating split view
2026-03-09T16:19:59.987Z INFO [TabsManager] First file opened, triggering split view
2026-03-09T16:19:59.987Z INFO [MainProvider] First file opened, creating split view
2026-03-10T04:24:51.833Z INFO Is remote: false
2026-03-10T04:24:51.836Z INFO Starting Local. Installation path: c:\Users\mohan\OneDrive\Desktop\Exam
2026-03-10T04:24:51.839Z INFO [MainProvider] Creating new MainProvider instance...
2026-03-10T04:24:51.842Z INFO [TabsManager] Code view listener set up at initialization
2026-03-10T04:24:51.845Z INFO Installation path exists: c:\Users\mohan\OneDrive\Desktop\Exam
2026-03-10T04:24:51.847Z INFO Initializing database with URL: file:c:\Users\mohan\OneDrive\Desktop\Exam\pythagora-core\data\database\pythagora.db
2026-03-10T04:24:51.857Z INFO Database file exists, skipping prisma generate/push for faster startup
2026-03-10T04:24:51.858Z INFO Database initialized successfully
2026-03-10T04:24:51.861Z INFO [Migration] Checking for database migration...
2026-03-10T04:24:52.008Z INFO [TabsManager] First file opened, triggering split view
2026-03-10T04:24:52.010Z INFO [MainProvider] First file opened, creating split view
2026-03-10T04:24:52.996Z INFO [Migration] No migration needed
2026-03-10T07:27:39.466Z INFO [TabsManager] First file opened, triggering split view
2026-03-10T07:27:39.471Z INFO [MainProvider] First file opened, creating split view
2026-03-10T07:29:22.926Z INFO [TabsManager] First file opened, triggering split view
2026-03-10T07:29:22.926Z INFO [MainProvider] First file opened, creating split view
2026-03-10T07:29:34.524Z INFO [TabsManager] First file opened, triggering split view
2026-03-10T07:29:34.525Z INFO [MainProvider] First file opened, creating split view
2026-03-10T08:34:28.405Z INFO [TabsManager] First file opened, triggering split view
2026-03-10T08:34:28.406Z INFO [MainProvider] First file opened, creating split view
2026-03-10T08:35:31.478Z INFO [TabsManager] First file opened, triggering split view
2026-03-10T08:35:31.479Z INFO [MainProvider] First file opened, creating split view
2026-03-10T19:17:28.713Z ERROR axios failed after all retries:
Error: getaddrinfo ENOTFOUND api.pythagora.ai
Stack: Error: getaddrinfo ENOTFOUND api.pythagora.ai
	at AxiosError.from (c:\Users\mohan\.vscode\extensions\pythagoratechnologies.pythagora-vs-code-2.6.19\node_modules\axios\dist\node\axios.cjs:857:14)
	at RedirectableRequest.handleRequestError (c:\Users\mohan\.vscode\extensions\pythagoratechnologies.pythagora-vs-code-2.6.19\node_modules\axios\dist\node\axios.cjs:3169:25)
	at RedirectableRequest.emit (node:events:519:28)
	at RedirectableRequest.emit (node:domain:489:12)
	at eventHandlers.<computed> (c:\Users\mohan\.vscode\extensions\pythagoratechnologies.pythagora-vs-code-2.6.19\node_modules\follow-redirects\index.js:49:24)
	at ClientRequest.emit (node:events:531:35)
	at ClientRequest.emit (node:domain:489:12)
	at emitErrorEvent (node:_http_client:107:11)
	at TLSSocket.socketErrorListener (node:_http_client:574:5)
	at TLSSocket.emit (node:events:519:28)
	at TLSSocket.emit (node:domain:489:12)
	at emitErrorNT (node:internal/streams/destroy:170:8)
	at emitErrorCloseNT (node:internal/streams/destroy:129:3)
	at process.processTicksAndRejections (node:internal/process/task_queues:90:21)
	at Axios.request (c:\Users\mohan\.vscode\extensions\pythagoratechnologies.pythagora-vs-code-2.6.19\node_modules\axios\dist\node\axios.cjs:4258:41)
	at process.processTicksAndRejections (node:internal/process/task_queues:105:5)
	at async c:\Users\mohan\.vscode\extensions\pythagoratechnologies.pythagora-vs-code-2.6.19\out\services\authService.js:20:67
	at async withRetry (c:\Users\mohan\.vscode\extensions\pythagoratechnologies.pythagora-vs-code-2.6.19\out\utils\axios.js:22:20)
	at async Object.refreshTokens (c:\Users\mohan\.vscode\extensions\pythagoratechnologies.pythagora-vs-code-2.6.19\out\services\authService.js:20:26)
	at async Timeout._onTimeout (c:\Users\mohan\.vscode\extensions\pythagoratechnologies.pythagora-vs-code-2.6.19\out\extension.js:279:13)
Extra context: {
  "code": "ENOTFOUND",
  "message": "getaddrinfo ENOTFOUND api.pythagora.ai"
}
2026-03-10T19:17:28.734Z ERROR Token refresh failed:
Error: getaddrinfo ENOTFOUND api.pythagora.ai
Stack: Error: getaddrinfo ENOTFOUND api.pythagora.ai
	at AxiosError.from (c:\Users\mohan\.vscode\extensions\pythagoratechnologies.pythagora-vs-code-2.6.19\node_modules\axios\dist\node\axios.cjs:857:14)
	at RedirectableRequest.handleRequestError (c:\Users\mohan\.vscode\extensions\pythagoratechnologies.pythagora-vs-code-2.6.19\node_modules\axios\dist\node\axios.cjs:3169:25)
	at RedirectableRequest.emit (node:events:519:28)
	at RedirectableRequest.emit (node:domain:489:12)
	at eventHandlers.<computed> (c:\Users\mohan\.vscode\extensions\pythagoratechnologies.pythagora-vs-code-2.6.19\node_modules\follow-redirects\index.js:49:24)
	at ClientRequest.emit (node:events:531:35)
	at ClientRequest.emit (node:domain:489:12)
	at emitErrorEvent (node:_http_client:107:11)
	at TLSSocket.socketErrorListener (node:_http_client:574:5)
	at TLSSocket.emit (node:events:519:28)
	at TLSSocket.emit (node:domain:489:12)
	at emitErrorNT (node:internal/streams/destroy:170:8)
	at emitErrorCloseNT (node:internal/streams/destroy:129:3)
	at process.processTicksAndRejections (node:internal/process/task_queues:90:21)
	at Axios.request (c:\Users\mohan\.vscode\extensions\pythagoratechnologies.pythagora-vs-code-2.6.19\node_modules\axios\dist\node\axios.cjs:4258:41)
	at process.processTicksAndRejections (node:internal/process/task_queues:105:5)
	at async c:\Users\mohan\.vscode\extensions\pythagoratechnologies.pythagora-vs-code-2.6.19\out\services\authService.js:20:67
	at async withRetry (c:\Users\mohan\.vscode\extensions\pythagoratechnologies.pythagora-vs-code-2.6.19\out\utils\axios.js:22:20)
	at async Object.refreshTokens (c:\Users\mohan\.vscode\extensions\pythagoratechnologies.pythagora-vs-code-2.6.19\out\services\authService.js:20:26)
	at async Timeout._onTimeout (c:\Users\mohan\.vscode\extensions\pythagoratechnologies.pythagora-vs-code-2.6.19\out\extension.js:279:13)
Extra context: {
  "code": "ENOTFOUND",
  "message": "getaddrinfo ENOTFOUND api.pythagora.ai"
}
2026-03-10T19:17:32.849Z ERROR axios failed after all retries:
Error: getaddrinfo ENOTFOUND api.pythagora.ai
Stack: Error: getaddrinfo ENOTFOUND api.pythagora.ai
	at AxiosError.from (c:\Users\mohan\.vscode\extensions\pythagoratechnologies.pythagora-vs-code-2.6.19\node_modules\axios\dist\node\axios.cjs:857:14)
	at RedirectableRequest.handleRequestError (c:\Users\mohan\.vscode\extensions\pythagoratechnologies.pythagora-vs-code-2.6.19\node_modules\axios\dist\node\axios.cjs:3169:25)
	at RedirectableRequest.emit (node:events:519:28)
	at RedirectableRequest.emit (node:domain:489:12)
	at eventHandlers.<computed> (c:\Users\mohan\.vscode\extensions\pythagoratechnologies.pythagora-vs-code-2.6.19\node_modules\follow-redirects\index.js:49:24)
	at ClientRequest.emit (node:events:531:35)
	at ClientRequest.emit (node:domain:489:12)
	at emitErrorEvent (node:_http_client:107:11)
	at TLSSocket.socketErrorListener (node:_http_client:574:5)
	at TLSSocket.emit (node:events:519:28)
	at TLSSocket.emit (node:domain:489:12)
	at emitErrorNT (node:internal/streams/destroy:170:8)
	at emitErrorCloseNT (node:internal/streams/destroy:129:3)
	at process.processTicksAndRejections (node:internal/process/task_queues:90:21)
	at Axios.request (c:\Users\mohan\.vscode\extensions\pythagoratechnologies.pythagora-vs-code-2.6.19\node_modules\axios\dist\node\axios.cjs:4258:41)
	at process.processTicksAndRejections (node:internal/process/task_queues:105:5)
	at async c:\Users\mohan\.vscode\extensions\pythagoratechnologies.pythagora-vs-code-2.6.19\out\services\authService.js:20:67
	at async withRetry (c:\Users\mohan\.vscode\extensions\pythagoratechnologies.pythagora-vs-code-2.6.19\out\utils\axios.js:22:20)
	at async Object.refreshTokens (c:\Users\mohan\.vscode\extensions\pythagoratechnologies.pythagora-vs-code-2.6.19\out\services\authService.js:20:26)
	at async Timeout._onTimeout (c:\Users\mohan\.vscode\extensions\pythagoratechnologies.pythagora-vs-code-2.6.19\out\extension.js:279:13)
Extra context: {
  "code": "ENOTFOUND",
  "message": "getaddrinfo ENOTFOUND api.pythagora.ai"
}
2026-03-10T19:17:32.854Z ERROR Token refresh failed:
Error: getaddrinfo ENOTFOUND api.pythagora.ai
Stack: Error: getaddrinfo ENOTFOUND api.pythagora.ai
	at AxiosError.from (c:\Users\mohan\.vscode\extensions\pythagoratechnologies.pythagora-vs-code-2.6.19\node_modules\axios\dist\node\axios.cjs:857:14)
	at RedirectableRequest.handleRequestError (c:\Users\mohan\.vscode\extensions\pythagoratechnologies.pythagora-vs-code-2.6.19\node_modules\axios\dist\node\axios.cjs:3169:25)
	at RedirectableRequest.emit (node:events:519:28)
	at RedirectableRequest.emit (node:domain:489:12)
	at eventHandlers.<computed> (c:\Users\mohan\.vscode\extensions\pythagoratechnologies.pythagora-vs-code-2.6.19\node_modules\follow-redirects\index.js:49:24)
	at ClientRequest.emit (node:events:531:35)
	at ClientRequest.emit (node:domain:489:12)
	at emitErrorEvent (node:_http_client:107:11)
	at TLSSocket.socketErrorListener (node:_http_client:574:5)
	at TLSSocket.emit (node:events:519:28)
	at TLSSocket.emit (node:domain:489:12)
	at emitErrorNT (node:internal/streams/destroy:170:8)
	at emitErrorCloseNT (node:internal/streams/destroy:129:3)
	at process.processTicksAndRejections (node:internal/process/task_queues:90:21)
	at Axios.request (c:\Users\mohan\.vscode\extensions\pythagoratechnologies.pythagora-vs-code-2.6.19\node_modules\axios\dist\node\axios.cjs:4258:41)
	at process.processTicksAndRejections (node:internal/process/task_queues:105:5)
	at async c:\Users\mohan\.vscode\extensions\pythagoratechnologies.pythagora-vs-code-2.6.19\out\services\authService.js:20:67
	at async withRetry (c:\Users\mohan\.vscode\extensions\pythagoratechnologies.pythagora-vs-code-2.6.19\out\utils\axios.js:22:20)
	at async Object.refreshTokens (c:\Users\mohan\.vscode\extensions\pythagoratechnologies.pythagora-vs-code-2.6.19\out\services\authService.js:20:26)
	at async Timeout._onTimeout (c:\Users\mohan\.vscode\extensions\pythagoratechnologies.pythagora-vs-code-2.6.19\out\extension.js:279:13)
Extra context: {
  "code": "ENOTFOUND",
  "message": "getaddrinfo ENOTFOUND api.pythagora.ai"
}
2026-03-11T05:56:18.122Z ERROR axios failed after all retries:
Error: getaddrinfo ENOTFOUND api.pythagora.ai
Stack: Error: getaddrinfo ENOTFOUND api.pythagora.ai
	at AxiosError.from (c:\Users\mohan\.vscode\extensions\pythagoratechnologies.pythagora-vs-code-2.6.19\node_modules\axios\dist\node\axios.cjs:857:14)
	at RedirectableRequest.handleRequestError (c:\Users\mohan\.vscode\extensions\pythagoratechnologies.pythagora-vs-code-2.6.19\node_modules\axios\dist\node\axios.cjs:3169:25)
	at RedirectableRequest.emit (node:events:519:28)
	at RedirectableRequest.emit (node:domain:489:12)
	at eventHandlers.<computed> (c:\Users\mohan\.vscode\extensions\pythagoratechnologies.pythagora-vs-code-2.6.19\node_modules\follow-redirects\index.js:49:24)
	at ClientRequest.emit (node:events:531:35)
	at ClientRequest.emit (node:domain:489:12)
	at emitErrorEvent (node:_http_client:107:11)
	at TLSSocket.socketErrorListener (node:_http_client:574:5)
	at TLSSocket.emit (node:events:519:28)
	at TLSSocket.emit (node:domain:489:12)
	at emitErrorNT (node:internal/streams/destroy:170:8)
	at emitErrorCloseNT (node:internal/streams/destroy:129:3)
	at process.processTicksAndRejections (node:internal/process/task_queues:90:21)
	at Axios.request (c:\Users\mohan\.vscode\extensions\pythagoratechnologies.pythagora-vs-code-2.6.19\node_modules\axios\dist\node\axios.cjs:4258:41)
	at process.processTicksAndRejections (node:internal/process/task_queues:105:5)
	at async c:\Users\mohan\.vscode\extensions\pythagoratechnologies.pythagora-vs-code-2.6.19\out\services\authService.js:20:67
	at async withRetry (c:\Users\mohan\.vscode\extensions\pythagoratechnologies.pythagora-vs-code-2.6.19\out\utils\axios.js:22:20)
	at async Object.refreshTokens (c:\Users\mohan\.vscode\extensions\pythagoratechnologies.pythagora-vs-code-2.6.19\out\services\authService.js:20:26)
	at async Timeout._onTimeout (c:\Users\mohan\.vscode\extensions\pythagoratechnologies.pythagora-vs-code-2.6.19\out\extension.js:279:13)
Extra context: {
  "code": "ENOTFOUND",
  "message": "getaddrinfo ENOTFOUND api.pythagora.ai"
}
2026-03-11T05:56:18.129Z ERROR Token refresh failed:
Error: getaddrinfo ENOTFOUND api.pythagora.ai
Stack: Error: getaddrinfo ENOTFOUND api.pythagora.ai
	at AxiosError.from (c:\Users\mohan\.vscode\extensions\pythagoratechnologies.pythagora-vs-code-2.6.19\node_modules\axios\dist\node\axios.cjs:857:14)
	at RedirectableRequest.handleRequestError (c:\Users\mohan\.vscode\extensions\pythagoratechnologies.pythagora-vs-code-2.6.19\node_modules\axios\dist\node\axios.cjs:3169:25)
	at RedirectableRequest.emit (node:events:519:28)
	at RedirectableRequest.emit (node:domain:489:12)
	at eventHandlers.<computed> (c:\Users\mohan\.vscode\extensions\pythagoratechnologies.pythagora-vs-code-2.6.19\node_modules\follow-redirects\index.js:49:24)
	at ClientRequest.emit (node:events:531:35)
	at ClientRequest.emit (node:domain:489:12)
	at emitErrorEvent (node:_http_client:107:11)
	at TLSSocket.socketErrorListener (node:_http_client:574:5)
	at TLSSocket.emit (node:events:519:28)
	at TLSSocket.emit (node:domain:489:12)
	at emitErrorNT (node:internal/streams/destroy:170:8)
	at emitErrorCloseNT (node:internal/streams/destroy:129:3)
	at process.processTicksAndRejections (node:internal/process/task_queues:90:21)
	at Axios.request (c:\Users\mohan\.vscode\extensions\pythagoratechnologies.pythagora-vs-code-2.6.19\node_modules\axios\dist\node\axios.cjs:4258:41)
	at process.processTicksAndRejections (node:internal/process/task_queues:105:5)
	at async c:\Users\mohan\.vscode\extensions\pythagoratechnologies.pythagora-vs-code-2.6.19\out\services\authService.js:20:67
	at async withRetry (c:\Users\mohan\.vscode\extensions\pythagoratechnologies.pythagora-vs-code-2.6.19\out\utils\axios.js:22:20)
	at async Object.refreshTokens (c:\Users\mohan\.vscode\extensions\pythagoratechnologies.pythagora-vs-code-2.6.19\out\services\authService.js:20:26)
	at async Timeout._onTimeout (c:\Users\mohan\.vscode\extensions\pythagoratechnologies.pythagora-vs-code-2.6.19\out\extension.js:279:13)
Extra context: {
  "code": "ENOTFOUND",
  "message": "getaddrinfo ENOTFOUND api.pythagora.ai"
}
2026-03-11T06:01:17.720Z ERROR axios failed after all retries:
Error: getaddrinfo ENOTFOUND api.pythagora.ai
Stack: Error: getaddrinfo ENOTFOUND api.pythagora.ai
	at AxiosError.from (c:\Users\mohan\.vscode\extensions\pythagoratechnologies.pythagora-vs-code-2.6.19\node_modules\axios\dist\node\axios.cjs:857:14)
	at RedirectableRequest.handleRequestError (c:\Users\mohan\.vscode\extensions\pythagoratechnologies.pythagora-vs-code-2.6.19\node_modules\axios\dist\node\axios.cjs:3169:25)
	at RedirectableRequest.emit (node:events:519:28)
	at RedirectableRequest.emit (node:domain:489:12)
	at eventHandlers.<computed> (c:\Users\mohan\.vscode\extensions\pythagoratechnologies.pythagora-vs-code-2.6.19\node_modules\follow-redirects\index.js:49:24)
	at ClientRequest.emit (node:events:531:35)
	at ClientRequest.emit (node:domain:489:12)
	at emitErrorEvent (node:_http_client:107:11)
	at TLSSocket.socketErrorListener (node:_http_client:574:5)
	at TLSSocket.emit (node:events:519:28)
	at TLSSocket.emit (node:domain:489:12)
	at emitErrorNT (node:internal/streams/destroy:170:8)
	at emitErrorCloseNT (node:internal/streams/destroy:129:3)
	at process.processTicksAndRejections (node:internal/process/task_queues:90:21)
	at Axios.request (c:\Users\mohan\.vscode\extensions\pythagoratechnologies.pythagora-vs-code-2.6.19\node_modules\axios\dist\node\axios.cjs:4258:41)
	at process.processTicksAndRejections (node:internal/process/task_queues:105:5)
	at async c:\Users\mohan\.vscode\extensions\pythagoratechnologies.pythagora-vs-code-2.6.19\out\services\authService.js:20:67
	at async withRetry (c:\Users\mohan\.vscode\extensions\pythagoratechnologies.pythagora-vs-code-2.6.19\out\utils\axios.js:22:20)
	at async Object.refreshTokens (c:\Users\mohan\.vscode\extensions\pythagoratechnologies.pythagora-vs-code-2.6.19\out\services\authService.js:20:26)
	at async Timeout._onTimeout (c:\Users\mohan\.vscode\extensions\pythagoratechnologies.pythagora-vs-code-2.6.19\out\extension.js:279:13)
Extra context: {
  "code": "ENOTFOUND",
  "message": "getaddrinfo ENOTFOUND api.pythagora.ai"
}
2026-03-11T06:01:17.722Z ERROR Token refresh failed:
Error: getaddrinfo ENOTFOUND api.pythagora.ai
Stack: Error: getaddrinfo ENOTFOUND api.pythagora.ai
	at AxiosError.from (c:\Users\mohan\.vscode\extensions\pythagoratechnologies.pythagora-vs-code-2.6.19\node_modules\axios\dist\node\axios.cjs:857:14)
	at RedirectableRequest.handleRequestError (c:\Users\mohan\.vscode\extensions\pythagoratechnologies.pythagora-vs-code-2.6.19\node_modules\axios\dist\node\axios.cjs:3169:25)
	at RedirectableRequest.emit (node:events:519:28)
	at RedirectableRequest.emit (node:domain:489:12)
	at eventHandlers.<computed> (c:\Users\mohan\.vscode\extensions\pythagoratechnologies.pythagora-vs-code-2.6.19\node_modules\follow-redirects\index.js:49:24)
	at ClientRequest.emit (node:events:531:35)
	at ClientRequest.emit (node:domain:489:12)
	at emitErrorEvent (node:_http_client:107:11)
	at TLSSocket.socketErrorListener (node:_http_client:574:5)
	at TLSSocket.emit (node:events:519:28)
	at TLSSocket.emit (node:domain:489:12)
	at emitErrorNT (node:internal/streams/destroy:170:8)
	at emitErrorCloseNT (node:internal/streams/destroy:129:3)
	at process.processTicksAndRejections (node:internal/process/task_queues:90:21)
	at Axios.request (c:\Users\mohan\.vscode\extensions\pythagoratechnologies.pythagora-vs-code-2.6.19\node_modules\axios\dist\node\axios.cjs:4258:41)
	at process.processTicksAndRejections (node:internal/process/task_queues:105:5)
	at async c:\Users\mohan\.vscode\extensions\pythagoratechnologies.pythagora-vs-code-2.6.19\out\services\authService.js:20:67
	at async withRetry (c:\Users\mohan\.vscode\extensions\pythagoratechnologies.pythagora-vs-code-2.6.19\out\utils\axios.js:22:20)
	at async Object.refreshTokens (c:\Users\mohan\.vscode\extensions\pythagoratechnologies.pythagora-vs-code-2.6.19\out\services\authService.js:20:26)
	at async Timeout._onTimeout (c:\Users\mohan\.vscode\extensions\pythagoratechnologies.pythagora-vs-code-2.6.19\out\extension.js:279:13)
Extra context: {
  "code": "ENOTFOUND",
  "message": "getaddrinfo ENOTFOUND api.pythagora.ai"
}
2026-03-11T10:31:15.331Z ERROR axios failed after all retries:
Error: getaddrinfo ENOTFOUND api.pythagora.ai
Stack: Error: getaddrinfo ENOTFOUND api.pythagora.ai
	at AxiosError.from (c:\Users\mohan\.vscode\extensions\pythagoratechnologies.pythagora-vs-code-2.6.19\node_modules\axios\dist\node\axios.cjs:857:14)
	at RedirectableRequest.handleRequestError (c:\Users\mohan\.vscode\extensions\pythagoratechnologies.pythagora-vs-code-2.6.19\node_modules\axios\dist\node\axios.cjs:3169:25)
	at RedirectableRequest.emit (node:events:519:28)
	at RedirectableRequest.emit (node:domain:489:12)
	at eventHandlers.<computed> (c:\Users\mohan\.vscode\extensions\pythagoratechnologies.pythagora-vs-code-2.6.19\node_modules\follow-redirects\index.js:49:24)
	at ClientRequest.emit (node:events:531:35)
	at ClientRequest.emit (node:domain:489:12)
	at emitErrorEvent (node:_http_client:107:11)
	at TLSSocket.socketErrorListener (node:_http_client:574:5)
	at TLSSocket.emit (node:events:519:28)
	at TLSSocket.emit (node:domain:489:12)
	at emitErrorNT (node:internal/streams/destroy:170:8)
	at emitErrorCloseNT (node:internal/streams/destroy:129:3)
	at process.processTicksAndRejections (node:internal/process/task_queues:90:21)
	at Axios.request (c:\Users\mohan\.vscode\extensions\pythagoratechnologies.pythagora-vs-code-2.6.19\node_modules\axios\dist\node\axios.cjs:4258:41)
	at process.processTicksAndRejections (node:internal/process/task_queues:105:5)
	at async c:\Users\mohan\.vscode\extensions\pythagoratechnologies.pythagora-vs-code-2.6.19\out\services\authService.js:20:67
	at async withRetry (c:\Users\mohan\.vscode\extensions\pythagoratechnologies.pythagora-vs-code-2.6.19\out\utils\axios.js:22:20)
	at async Object.refreshTokens (c:\Users\mohan\.vscode\extensions\pythagoratechnologies.pythagora-vs-code-2.6.19\out\services\authService.js:20:26)
	at async Timeout._onTimeout (c:\Users\mohan\.vscode\extensions\pythagoratechnologies.pythagora-vs-code-2.6.19\out\extension.js:279:13)
Extra context: {
  "code": "ENOTFOUND",
  "message": "getaddrinfo ENOTFOUND api.pythagora.ai"
}
2026-03-11T10:31:15.340Z ERROR Token refresh failed:
Error: getaddrinfo ENOTFOUND api.pythagora.ai
Stack: Error: getaddrinfo ENOTFOUND api.pythagora.ai
	at AxiosError.from (c:\Users\mohan\.vscode\extensions\pythagoratechnologies.pythagora-vs-code-2.6.19\node_modules\axios\dist\node\axios.cjs:857:14)
	at RedirectableRequest.handleRequestError (c:\Users\mohan\.vscode\extensions\pythagoratechnologies.pythagora-vs-code-2.6.19\node_modules\axios\dist\node\axios.cjs:3169:25)
	at RedirectableRequest.emit (node:events:519:28)
	at RedirectableRequest.emit (node:domain:489:12)
	at eventHandlers.<computed> (c:\Users\mohan\.vscode\extensions\pythagoratechnologies.pythagora-vs-code-2.6.19\node_modules\follow-redirects\index.js:49:24)
	at ClientRequest.emit (node:events:531:35)
	at ClientRequest.emit (node:domain:489:12)
	at emitErrorEvent (node:_http_client:107:11)
	at TLSSocket.socketErrorListener (node:_http_client:574:5)
	at TLSSocket.emit (node:events:519:28)
	at TLSSocket.emit (node:domain:489:12)
	at emitErrorNT (node:internal/streams/destroy:170:8)
	at emitErrorCloseNT (node:internal/streams/destroy:129:3)
	at process.processTicksAndRejections (node:internal/process/task_queues:90:21)
	at Axios.request (c:\Users\mohan\.vscode\extensions\pythagoratechnologies.pythagora-vs-code-2.6.19\node_modules\axios\dist\node\axios.cjs:4258:41)
	at process.processTicksAndRejections (node:internal/process/task_queues:105:5)
	at async c:\Users\mohan\.vscode\extensions\pythagoratechnologies.pythagora-vs-code-2.6.19\out\services\authService.js:20:67
	at async withRetry (c:\Users\mohan\.vscode\extensions\pythagoratechnologies.pythagora-vs-code-2.6.19\out\utils\axios.js:22:20)
	at async Object.refreshTokens (c:\Users\mohan\.vscode\extensions\pythagoratechnologies.pythagora-vs-code-2.6.19\out\services\authService.js:20:26)
	at async Timeout._onTimeout (c:\Users\mohan\.vscode\extensions\pythagoratechnologies.pythagora-vs-code-2.6.19\out\extension.js:279:13)
Extra context: {
  "code": "ENOTFOUND",
  "message": "getaddrinfo ENOTFOUND api.pythagora.ai"
}
2026-03-11T12:48:55.355Z ERROR axios failed after all retries:
Error: 
Stack: AggregateError: 
	at AxiosError.from (c:\Users\mohan\.vscode\extensions\pythagoratechnologies.pythagora-vs-code-2.6.19\node_modules\axios\dist\node\axios.cjs:857:14)
	at RedirectableRequest.handleRequestError (c:\Users\mohan\.vscode\extensions\pythagoratechnologies.pythagora-vs-code-2.6.19\node_modules\axios\dist\node\axios.cjs:3169:25)
	at RedirectableRequest.emit (node:events:519:28)
	at RedirectableRequest.emit (node:domain:489:12)
	at eventHandlers.<computed> (c:\Users\mohan\.vscode\extensions\pythagoratechnologies.pythagora-vs-code-2.6.19\node_modules\follow-redirects\index.js:49:24)
	at ClientRequest.emit (node:events:531:35)
	at ClientRequest.emit (node:domain:489:12)
	at emitErrorEvent (node:_http_client:107:11)
	at TLSSocket.socketErrorListener (node:_http_client:574:5)
	at TLSSocket.emit (node:events:519:28)
	at TLSSocket.emit (node:domain:489:12)
	at emitErrorNT (node:internal/streams/destroy:170:8)
	at emitErrorCloseNT (node:internal/streams/destroy:129:3)
	at process.processTicksAndRejections (node:internal/process/task_queues:90:21)
	at Axios.request (c:\Users\mohan\.vscode\extensions\pythagoratechnologies.pythagora-vs-code-2.6.19\node_modules\axios\dist\node\axios.cjs:4258:41)
	at process.processTicksAndRejections (node:internal/process/task_queues:105:5)
	at async c:\Users\mohan\.vscode\extensions\pythagoratechnologies.pythagora-vs-code-2.6.19\out\services\authService.js:20:67
	at async withRetry (c:\Users\mohan\.vscode\extensions\pythagoratechnologies.pythagora-vs-code-2.6.19\out\utils\axios.js:22:20)
	at async Object.refreshTokens (c:\Users\mohan\.vscode\extensions\pythagoratechnologies.pythagora-vs-code-2.6.19\out\services\authService.js:20:26)
	at async Timeout._onTimeout (c:\Users\mohan\.vscode\extensions\pythagoratechnologies.pythagora-vs-code-2.6.19\out\extension.js:279:13)
Extra context: {
  "code": "ETIMEDOUT",
  "message": ""
}
2026-03-11T12:48:55.372Z ERROR Token refresh failed:
Error: 
Stack: AggregateError: 
	at AxiosError.from (c:\Users\mohan\.vscode\extensions\pythagoratechnologies.pythagora-vs-code-2.6.19\node_modules\axios\dist\node\axios.cjs:857:14)
	at RedirectableRequest.handleRequestError (c:\Users\mohan\.vscode\extensions\pythagoratechnologies.pythagora-vs-code-2.6.19\node_modules\axios\dist\node\axios.cjs:3169:25)
	at RedirectableRequest.emit (node:events:519:28)
	at RedirectableRequest.emit (node:domain:489:12)
	at eventHandlers.<computed> (c:\Users\mohan\.vscode\extensions\pythagoratechnologies.pythagora-vs-code-2.6.19\node_modules\follow-redirects\index.js:49:24)
	at ClientRequest.emit (node:events:531:35)
	at ClientRequest.emit (node:domain:489:12)
	at emitErrorEvent (node:_http_client:107:11)
	at TLSSocket.socketErrorListener (node:_http_client:574:5)
	at TLSSocket.emit (node:events:519:28)
	at TLSSocket.emit (node:domain:489:12)
	at emitErrorNT (node:internal/streams/destroy:170:8)
	at emitErrorCloseNT (node:internal/streams/destroy:129:3)
	at process.processTicksAndRejections (node:internal/process/task_queues:90:21)
	at Axios.request (c:\Users\mohan\.vscode\extensions\pythagoratechnologies.pythagora-vs-code-2.6.19\node_modules\axios\dist\node\axios.cjs:4258:41)
	at process.processTicksAndRejections (node:internal/process/task_queues:105:5)
	at async c:\Users\mohan\.vscode\extensions\pythagoratechnologies.pythagora-vs-code-2.6.19\out\services\authService.js:20:67
	at async withRetry (c:\Users\mohan\.vscode\extensions\pythagoratechnologies.pythagora-vs-code-2.6.19\out\utils\axios.js:22:20)
	at async Object.refreshTokens (c:\Users\mohan\.vscode\extensions\pythagoratechnologies.pythagora-vs-code-2.6.19\out\services\authService.js:20:26)
	at async Timeout._onTimeout (c:\Users\mohan\.vscode\extensions\pythagoratechnologies.pythagora-vs-code-2.6.19\out\extension.js:279:13)
Extra context: {
  "code": "ETIMEDOUT",
  "message": ""
}
2026-03-11T12:48:57.467Z ERROR axios failed after all retries:
Error: getaddrinfo ENOTFOUND api.pythagora.ai
Stack: Error: getaddrinfo ENOTFOUND api.pythagora.ai
	at AxiosError.from (c:\Users\mohan\.vscode\extensions\pythagoratechnologies.pythagora-vs-code-2.6.19\node_modules\axios\dist\node\axios.cjs:857:14)
	at RedirectableRequest.handleRequestError (c:\Users\mohan\.vscode\extensions\pythagoratechnologies.pythagora-vs-code-2.6.19\node_modules\axios\dist\node\axios.cjs:3169:25)
	at RedirectableRequest.emit (node:events:519:28)
	at RedirectableRequest.emit (node:domain:489:12)
	at eventHandlers.<computed> (c:\Users\mohan\.vscode\extensions\pythagoratechnologies.pythagora-vs-code-2.6.19\node_modules\follow-redirects\index.js:49:24)
	at ClientRequest.emit (node:events:531:35)
	at ClientRequest.emit (node:domain:489:12)
	at emitErrorEvent (node:_http_client:107:11)
	at TLSSocket.socketErrorListener (node:_http_client:574:5)
	at TLSSocket.emit (node:events:519:28)
	at TLSSocket.emit (node:domain:489:12)
	at emitErrorNT (node:internal/streams/destroy:170:8)
	at emitErrorCloseNT (node:internal/streams/destroy:129:3)
	at process.processTicksAndRejections (node:internal/process/task_queues:90:21)
	at Axios.request (c:\Users\mohan\.vscode\extensions\pythagoratechnologies.pythagora-vs-code-2.6.19\node_modules\axios\dist\node\axios.cjs:4258:41)
	at process.processTicksAndRejections (node:internal/process/task_queues:105:5)
	at async c:\Users\mohan\.vscode\extensions\pythagoratechnologies.pythagora-vs-code-2.6.19\out\services\authService.js:20:67
	at async withRetry (c:\Users\mohan\.vscode\extensions\pythagoratechnologies.pythagora-vs-code-2.6.19\out\utils\axios.js:22:20)
	at async Object.refreshTokens (c:\Users\mohan\.vscode\extensions\pythagoratechnologies.pythagora-vs-code-2.6.19\out\services\authService.js:20:26)
	at async Timeout._onTimeout (c:\Users\mohan\.vscode\extensions\pythagoratechnologies.pythagora-vs-code-2.6.19\out\extension.js:279:13)
Extra context: {
  "code": "ENOTFOUND",
  "message": "getaddrinfo ENOTFOUND api.pythagora.ai"
}
2026-03-11T12:48:57.474Z ERROR Token refresh failed:
Error: getaddrinfo ENOTFOUND api.pythagora.ai
Stack: Error: getaddrinfo ENOTFOUND api.pythagora.ai
	at AxiosError.from (c:\Users\mohan\.vscode\extensions\pythagoratechnologies.pythagora-vs-code-2.6.19\node_modules\axios\dist\node\axios.cjs:857:14)
	at RedirectableRequest.handleRequestError (c:\Users\mohan\.vscode\extensions\pythagoratechnologies.pythagora-vs-code-2.6.19\node_modules\axios\dist\node\axios.cjs:3169:25)
	at RedirectableRequest.emit (node:events:519:28)
	at RedirectableRequest.emit (node:domain:489:12)
	at eventHandlers.<computed> (c:\Users\mohan\.vscode\extensions\pythagoratechnologies.pythagora-vs-code-2.6.19\node_modules\follow-redirects\index.js:49:24)
	at ClientRequest.emit (node:events:531:35)
	at ClientRequest.emit (node:domain:489:12)
	at emitErrorEvent (node:_http_client:107:11)
	at TLSSocket.socketErrorListener (node:_http_client:574:5)
	at TLSSocket.emit (node:events:519:28)
	at TLSSocket.emit (node:domain:489:12)
	at emitErrorNT (node:internal/streams/destroy:170:8)
	at emitErrorCloseNT (node:internal/streams/destroy:129:3)
	at process.processTicksAndRejections (node:internal/process/task_queues:90:21)
	at Axios.request (c:\Users\mohan\.vscode\extensions\pythagoratechnologies.pythagora-vs-code-2.6.19\node_modules\axios\dist\node\axios.cjs:4258:41)
	at process.processTicksAndRejections (node:internal/process/task_queues:105:5)
	at async c:\Users\mohan\.vscode\extensions\pythagoratechnologies.pythagora-vs-code-2.6.19\out\services\authService.js:20:67
	at async withRetry (c:\Users\mohan\.vscode\extensions\pythagoratechnologies.pythagora-vs-code-2.6.19\out\utils\axios.js:22:20)
	at async Object.refreshTokens (c:\Users\mohan\.vscode\extensions\pythagoratechnologies.pythagora-vs-code-2.6.19\out\services\authService.js:20:26)
	at async Timeout._onTimeout (c:\Users\mohan\.vscode\extensions\pythagoratechnologies.pythagora-vs-code-2.6.19\out\extension.js:279:13)
Extra context: {
  "code": "ENOTFOUND",
  "message": "getaddrinfo ENOTFOUND api.pythagora.ai"
}
2026-03-11T12:53:32.997Z ERROR axios failed after all retries:
Error: getaddrinfo ENOTFOUND api.pythagora.ai
Stack: Error: getaddrinfo ENOTFOUND api.pythagora.ai
	at AxiosError.from (c:\Users\mohan\.vscode\extensions\pythagoratechnologies.pythagora-vs-code-2.6.19\node_modules\axios\dist\node\axios.cjs:857:14)
	at RedirectableRequest.handleRequestError (c:\Users\mohan\.vscode\extensions\pythagoratechnologies.pythagora-vs-code-2.6.19\node_modules\axios\dist\node\axios.cjs:3169:25)
	at RedirectableRequest.emit (node:events:519:28)
	at RedirectableRequest.emit (node:domain:489:12)
	at eventHandlers.<computed> (c:\Users\mohan\.vscode\extensions\pythagoratechnologies.pythagora-vs-code-2.6.19\node_modules\follow-redirects\index.js:49:24)
	at ClientRequest.emit (node:events:531:35)
	at ClientRequest.emit (node:domain:489:12)
	at emitErrorEvent (node:_http_client:107:11)
	at TLSSocket.socketErrorListener (node:_http_client:574:5)
	at TLSSocket.emit (node:events:519:28)
	at TLSSocket.emit (node:domain:489:12)
	at emitErrorNT (node:internal/streams/destroy:170:8)
	at emitErrorCloseNT (node:internal/streams/destroy:129:3)
	at process.processTicksAndRejections (node:internal/process/task_queues:90:21)
	at Axios.request (c:\Users\mohan\.vscode\extensions\pythagoratechnologies.pythagora-vs-code-2.6.19\node_modules\axios\dist\node\axios.cjs:4258:41)
	at process.processTicksAndRejections (node:internal/process/task_queues:105:5)
	at async c:\Users\mohan\.vscode\extensions\pythagoratechnologies.pythagora-vs-code-2.6.19\out\services\authService.js:20:67
	at async withRetry (c:\Users\mohan\.vscode\extensions\pythagoratechnologies.pythagora-vs-code-2.6.19\out\utils\axios.js:22:20)
	at async Object.refreshTokens (c:\Users\mohan\.vscode\extensions\pythagoratechnologies.pythagora-vs-code-2.6.19\out\services\authService.js:20:26)
	at async Timeout._onTimeout (c:\Users\mohan\.vscode\extensions\pythagoratechnologies.pythagora-vs-code-2.6.19\out\extension.js:279:13)
Extra context: {
  "code": "ENOTFOUND",
  "message": "getaddrinfo ENOTFOUND api.pythagora.ai"
}
2026-03-11T12:53:33.005Z ERROR Token refresh failed:
Error: getaddrinfo ENOTFOUND api.pythagora.ai
Stack: Error: getaddrinfo ENOTFOUND api.pythagora.ai
	at AxiosError.from (c:\Users\mohan\.vscode\extensions\pythagoratechnologies.pythagora-vs-code-2.6.19\node_modules\axios\dist\node\axios.cjs:857:14)
	at RedirectableRequest.handleRequestError (c:\Users\mohan\.vscode\extensions\pythagoratechnologies.pythagora-vs-code-2.6.19\node_modules\axios\dist\node\axios.cjs:3169:25)
	at RedirectableRequest.emit (node:events:519:28)
	at RedirectableRequest.emit (node:domain:489:12)
	at eventHandlers.<computed> (c:\Users\mohan\.vscode\extensions\pythagoratechnologies.pythagora-vs-code-2.6.19\node_modules\follow-redirects\index.js:49:24)
	at ClientRequest.emit (node:events:531:35)
	at ClientRequest.emit (node:domain:489:12)
	at emitErrorEvent (node:_http_client:107:11)
	at TLSSocket.socketErrorListener (node:_http_client:574:5)
	at TLSSocket.emit (node:events:519:28)
	at TLSSocket.emit (node:domain:489:12)
	at emitErrorNT (node:internal/streams/destroy:170:8)
	at emitErrorCloseNT (node:internal/streams/destroy:129:3)
	at process.processTicksAndRejections (node:internal/process/task_queues:90:21)
	at Axios.request (c:\Users\mohan\.vscode\extensions\pythagoratechnologies.pythagora-vs-code-2.6.19\node_modules\axios\dist\node\axios.cjs:4258:41)
	at process.processTicksAndRejections (node:internal/process/task_queues:105:5)
	at async c:\Users\mohan\.vscode\extensions\pythagoratechnologies.pythagora-vs-code-2.6.19\out\services\authService.js:20:67
	at async withRetry (c:\Users\mohan\.vscode\extensions\pythagoratechnologies.pythagora-vs-code-2.6.19\out\utils\axios.js:22:20)
	at async Object.refreshTokens (c:\Users\mohan\.vscode\extensions\pythagoratechnologies.pythagora-vs-code-2.6.19\out\services\authService.js:20:26)
	at async Timeout._onTimeout (c:\Users\mohan\.vscode\extensions\pythagoratechnologies.pythagora-vs-code-2.6.19\out\extension.js:279:13)
Extra context: {
  "code": "ENOTFOUND",
  "message": "getaddrinfo ENOTFOUND api.pythagora.ai"
}
2026-03-11T13:52:45.274Z INFO Closing entire Pythagora extension...
2026-03-11T13:52:45.284Z ERROR Error closing extension
Error: Canceled
Stack: Canceled: Canceled
	at new iI (file:///c:/Users/mohan/AppData/Local/Programs/Microsoft%20VS%20Code/61b3d0ab13/resources/app/out/vs/workbench/api/node/extensionHostProcess.js:407:147604)
	at r._remoteCall (file:///c:/Users/mohan/AppData/Local/Programs/Microsoft%20VS%20Code/61b3d0ab13/resources/app/out/vs/workbench/api/node/extensionHostProcess.js:407:153656)
	at i.<computed>.s.charCodeAt.i.<computed> (file:///c:/Users/mohan/AppData/Local/Programs/Microsoft%20VS%20Code/61b3d0ab13/resources/app/out/vs/workbench/api/node/extensionHostProcess.js:407:150451)
	at Jm._doExecuteCommand (file:///c:/Users/mohan/AppData/Local/Programs/Microsoft%20VS%20Code/61b3d0ab13/resources/app/out/vs/workbench/api/node/extensionHostProcess.js:494:48120)
	at Jm.executeCommand (file:///c:/Users/mohan/AppData/Local/Programs/Microsoft%20VS%20Code/61b3d0ab13/resources/app/out/vs/workbench/api/node/extensionHostProcess.js:494:47567)
	at Object.executeCommand (file:///c:/Users/mohan/AppData/Local/Programs/Microsoft%20VS%20Code/61b3d0ab13/resources/app/out/vs/workbench/api/node/extensionHostProcess.js:588:129159)
	at closeEntirePythagoraExtension (c:\Users\mohan\.vscode\extensions\pythagoratechnologies.pythagora-vs-code-2.6.19\out\extension.js:542:31)
	at Object.deactivate (c:\Users\mohan\.vscode\extensions\pythagoratechnologies.pythagora-vs-code-2.6.19\out\extension.js:409:15)
	at lk._deactivate (file:///c:/Users/mohan/AppData/Local/Programs/Microsoft%20VS%20Code/61b3d0ab13/resources/app/out/vs/workbench/api/node/extensionHostProcess.js:498:14479)
	at file:///c:/Users/mohan/AppData/Local/Programs/Microsoft%20VS%20Code/61b3d0ab13/resources/app/out/vs/workbench/api/node/extensionHostProcess.js:498:12006
	at Array.map (<anonymous>)
	at lk._deactivateAll (file:///c:/Users/mohan/AppData/Local/Programs/Microsoft%20VS%20Code/61b3d0ab13/resources/app/out/vs/workbench/api/node/extensionHostProcess.js:498:11994)
	at lk.terminate (file:///c:/Users/mohan/AppData/Local/Programs/Microsoft%20VS%20Code/61b3d0ab13/resources/app/out/vs/workbench/api/node/extensionHostProcess.js:498:12345)
	at r.terminate (file:///c:/Users/mohan/AppData/Local/Programs/Microsoft%20VS%20Code/61b3d0ab13/resources/app/out/vs/workbench/api/node/extensionHostProcess.js:500:1072)
	at Os (file:///c:/Users/mohan/AppData/Local/Programs/Microsoft%20VS%20Code/61b3d0ab13/resources/app/out/vs/workbench/api/node/extensionHostProcess.js:780:11691)
	at MessagePortMain.<anonymous> (file:///c:/Users/mohan/AppData/Local/Programs/Microsoft%20VS%20Code/61b3d0ab13/resources/app/out/vs/workbench/api/node/extensionHostProcess.js:780:8122)
	at MessagePortMain.emit (node:events:519:28)
	at MessagePortMain.emit (node:domain:489:12)
	at MessagePortMain._internalPort.emit (node:electron/js2c/utility_init:2:2959)
	at Object.topLevelDomainCallback (node:domain:161:15)
	at Object.callbackTrampoline (node:internal/async_hooks:128:24)
Extra context: {
  "message": "Canceled"
}
2026-03-11T13:53:55.549Z INFO Is remote: false
2026-03-11T13:53:55.551Z INFO Starting Local. Installation path: c:\Users\mohan\OneDrive\Desktop\Exam
2026-03-11T13:53:55.553Z INFO [MainProvider] Creating new MainProvider instance...
2026-03-11T13:53:55.556Z INFO [TabsManager] Code view listener set up at initialization
2026-03-11T13:53:55.558Z INFO Installation path exists: c:\Users\mohan\OneDrive\Desktop\Exam
2026-03-11T13:53:55.560Z INFO Initializing database with URL: file:c:\Users\mohan\OneDrive\Desktop\Exam\pythagora-core\data\database\pythagora.db
2026-03-11T13:53:55.568Z INFO Database file exists, skipping prisma generate/push for faster startup
2026-03-11T13:53:55.569Z INFO Database initialized successfully
2026-03-11T13:53:55.571Z INFO [Migration] Checking for database migration...
2026-03-11T13:53:55.809Z INFO [Migration] No migration needed
2026-03-11T14:07:40.026Z INFO [TabsManager] First file opened, triggering split view
2026-03-11T14:07:40.027Z INFO [MainProvider] First file opened, creating split view
2026-03-11T14:07:59.156Z INFO [TabsManager] First file opened, triggering split view
2026-03-11T14:07:59.158Z INFO [MainProvider] First file opened, creating split view
2026-03-11T14:08:11.683Z INFO [TabsManager] First file opened, triggering split view
2026-03-11T14:08:11.684Z INFO [MainProvider] First file opened, creating split view
2026-03-11T16:02:38.515Z ERROR axios failed after all retries:
Error: getaddrinfo ENOTFOUND api.pythagora.ai
Stack: Error: getaddrinfo ENOTFOUND api.pythagora.ai
	at AxiosError.from (c:\Users\mohan\.vscode\extensions\pythagoratechnologies.pythagora-vs-code-2.6.19\node_modules\axios\dist\node\axios.cjs:857:14)
	at RedirectableRequest.handleRequestError (c:\Users\mohan\.vscode\extensions\pythagoratechnologies.pythagora-vs-code-2.6.19\node_modules\axios\dist\node\axios.cjs:3169:25)
	at RedirectableRequest.emit (node:events:519:28)
	at RedirectableRequest.emit (node:domain:489:12)
	at eventHandlers.<computed> (c:\Users\mohan\.vscode\extensions\pythagoratechnologies.pythagora-vs-code-2.6.19\node_modules\follow-redirects\index.js:49:24)
	at ClientRequest.emit (node:events:531:35)
	at ClientRequest.emit (node:domain:489:12)
	at emitErrorEvent (node:_http_client:107:11)
	at TLSSocket.socketErrorListener (node:_http_client:574:5)
	at TLSSocket.emit (node:events:519:28)
	at TLSSocket.emit (node:domain:489:12)
	at emitErrorNT (node:internal/streams/destroy:170:8)
	at emitErrorCloseNT (node:internal/streams/destroy:129:3)
	at process.processTicksAndRejections (node:internal/process/task_queues:90:21)
	at Axios.request (c:\Users\mohan\.vscode\extensions\pythagoratechnologies.pythagora-vs-code-2.6.19\node_modules\axios\dist\node\axios.cjs:4258:41)
	at process.processTicksAndRejections (node:internal/process/task_queues:105:5)
	at async c:\Users\mohan\.vscode\extensions\pythagoratechnologies.pythagora-vs-code-2.6.19\out\services\authService.js:20:67
	at async withRetry (c:\Users\mohan\.vscode\extensions\pythagoratechnologies.pythagora-vs-code-2.6.19\out\utils\axios.js:22:20)
	at async Object.refreshTokens (c:\Users\mohan\.vscode\extensions\pythagoratechnologies.pythagora-vs-code-2.6.19\out\services\authService.js:20:26)
	at async Timeout._onTimeout (c:\Users\mohan\.vscode\extensions\pythagoratechnologies.pythagora-vs-code-2.6.19\out\extension.js:279:13)
Extra context: {
  "code": "ENOTFOUND",
  "message": "getaddrinfo ENOTFOUND api.pythagora.ai"
}
2026-03-11T16:02:38.534Z ERROR Token refresh failed:
Error: getaddrinfo ENOTFOUND api.pythagora.ai
Stack: Error: getaddrinfo ENOTFOUND api.pythagora.ai
	at AxiosError.from (c:\Users\mohan\.vscode\extensions\pythagoratechnologies.pythagora-vs-code-2.6.19\node_modules\axios\dist\node\axios.cjs:857:14)
	at RedirectableRequest.handleRequestError (c:\Users\mohan\.vscode\extensions\pythagoratechnologies.pythagora-vs-code-2.6.19\node_modules\axios\dist\node\axios.cjs:3169:25)
	at RedirectableRequest.emit (node:events:519:28)
	at RedirectableRequest.emit (node:domain:489:12)
	at eventHandlers.<computed> (c:\Users\mohan\.vscode\extensions\pythagoratechnologies.pythagora-vs-code-2.6.19\node_modules\follow-redirects\index.js:49:24)
	at ClientRequest.emit (node:events:531:35)
	at ClientRequest.emit (node:domain:489:12)
	at emitErrorEvent (node:_http_client:107:11)
	at TLSSocket.socketErrorListener (node:_http_client:574:5)
	at TLSSocket.emit (node:events:519:28)
	at TLSSocket.emit (node:domain:489:12)
	at emitErrorNT (node:internal/streams/destroy:170:8)
	at emitErrorCloseNT (node:internal/streams/destroy:129:3)
	at process.processTicksAndRejections (node:internal/process/task_queues:90:21)
	at Axios.request (c:\Users\mohan\.vscode\extensions\pythagoratechnologies.pythagora-vs-code-2.6.19\node_modules\axios\dist\node\axios.cjs:4258:41)
	at process.processTicksAndRejections (node:internal/process/task_queues:105:5)
	at async c:\Users\mohan\.vscode\extensions\pythagoratechnologies.pythagora-vs-code-2.6.19\out\services\authService.js:20:67
	at async withRetry (c:\Users\mohan\.vscode\extensions\pythagoratechnologies.pythagora-vs-code-2.6.19\out\utils\axios.js:22:20)
	at async Object.refreshTokens (c:\Users\mohan\.vscode\extensions\pythagoratechnologies.pythagora-vs-code-2.6.19\out\services\authService.js:20:26)
	at async Timeout._onTimeout (c:\Users\mohan\.vscode\extensions\pythagoratechnologies.pythagora-vs-code-2.6.19\out\extension.js:279:13)
Extra context: {
  "code": "ENOTFOUND",
  "message": "getaddrinfo ENOTFOUND api.pythagora.ai"
}
2026-03-11T16:02:42.661Z ERROR axios failed after all retries:
Error: getaddrinfo ENOTFOUND api.pythagora.ai
Stack: Error: getaddrinfo ENOTFOUND api.pythagora.ai
	at AxiosError.from (c:\Users\mohan\.vscode\extensions\pythagoratechnologies.pythagora-vs-code-2.6.19\node_modules\axios\dist\node\axios.cjs:857:14)
	at RedirectableRequest.handleRequestError (c:\Users\mohan\.vscode\extensions\pythagoratechnologies.pythagora-vs-code-2.6.19\node_modules\axios\dist\node\axios.cjs:3169:25)
	at RedirectableRequest.emit (node:events:519:28)
	at RedirectableRequest.emit (node:domain:489:12)
	at eventHandlers.<computed> (c:\Users\mohan\.vscode\extensions\pythagoratechnologies.pythagora-vs-code-2.6.19\node_modules\follow-redirects\index.js:49:24)
	at ClientRequest.emit (node:events:531:35)
	at ClientRequest.emit (node:domain:489:12)
	at emitErrorEvent (node:_http_client:107:11)
	at TLSSocket.socketErrorListener (node:_http_client:574:5)
	at TLSSocket.emit (node:events:519:28)
	at TLSSocket.emit (node:domain:489:12)
	at emitErrorNT (node:internal/streams/destroy:170:8)
	at emitErrorCloseNT (node:internal/streams/destroy:129:3)
	at process.processTicksAndRejections (node:internal/process/task_queues:90:21)
	at Axios.request (c:\Users\mohan\.vscode\extensions\pythagoratechnologies.pythagora-vs-code-2.6.19\node_modules\axios\dist\node\axios.cjs:4258:41)
	at process.processTicksAndRejections (node:internal/process/task_queues:105:5)
	at async c:\Users\mohan\.vscode\extensions\pythagoratechnologies.pythagora-vs-code-2.6.19\out\services\authService.js:20:67
	at async withRetry (c:\Users\mohan\.vscode\extensions\pythagoratechnologies.pythagora-vs-code-2.6.19\out\utils\axios.js:22:20)
	at async Object.refreshTokens (c:\Users\mohan\.vscode\extensions\pythagoratechnologies.pythagora-vs-code-2.6.19\out\services\authService.js:20:26)
	at async Timeout._onTimeout (c:\Users\mohan\.vscode\extensions\pythagoratechnologies.pythagora-vs-code-2.6.19\out\extension.js:279:13)
Extra context: {
  "code": "ENOTFOUND",
  "message": "getaddrinfo ENOTFOUND api.pythagora.ai"
}
2026-03-11T16:02:42.667Z ERROR Token refresh failed:
Error: getaddrinfo ENOTFOUND api.pythagora.ai
Stack: Error: getaddrinfo ENOTFOUND api.pythagora.ai
	at AxiosError.from (c:\Users\mohan\.vscode\extensions\pythagoratechnologies.pythagora-vs-code-2.6.19\node_modules\axios\dist\node\axios.cjs:857:14)
	at RedirectableRequest.handleRequestError (c:\Users\mohan\.vscode\extensions\pythagoratechnologies.pythagora-vs-code-2.6.19\node_modules\axios\dist\node\axios.cjs:3169:25)
	at RedirectableRequest.emit (node:events:519:28)
	at RedirectableRequest.emit (node:domain:489:12)
	at eventHandlers.<computed> (c:\Users\mohan\.vscode\extensions\pythagoratechnologies.pythagora-vs-code-2.6.19\node_modules\follow-redirects\index.js:49:24)
	at ClientRequest.emit (node:events:531:35)
	at ClientRequest.emit (node:domain:489:12)
	at emitErrorEvent (node:_http_client:107:11)
	at TLSSocket.socketErrorListener (node:_http_client:574:5)
	at TLSSocket.emit (node:events:519:28)
	at TLSSocket.emit (node:domain:489:12)
	at emitErrorNT (node:internal/streams/destroy:170:8)
	at emitErrorCloseNT (node:internal/streams/destroy:129:3)
	at process.processTicksAndRejections (node:internal/process/task_queues:90:21)
	at Axios.request (c:\Users\mohan\.vscode\extensions\pythagoratechnologies.pythagora-vs-code-2.6.19\node_modules\axios\dist\node\axios.cjs:4258:41)
	at process.processTicksAndRejections (node:internal/process/task_queues:105:5)
	at async c:\Users\mohan\.vscode\extensions\pythagoratechnologies.pythagora-vs-code-2.6.19\out\services\authService.js:20:67
	at async withRetry (c:\Users\mohan\.vscode\extensions\pythagoratechnologies.pythagora-vs-code-2.6.19\out\utils\axios.js:22:20)
	at async Object.refreshTokens (c:\Users\mohan\.vscode\extensions\pythagoratechnologies.pythagora-vs-code-2.6.19\out\services\authService.js:20:26)
	at async Timeout._onTimeout (c:\Users\mohan\.vscode\extensions\pythagoratechnologies.pythagora-vs-code-2.6.19\out\extension.js:279:13)
Extra context: {
  "code": "ENOTFOUND",
  "message": "getaddrinfo ENOTFOUND api.pythagora.ai"
}
2026-03-11T16:17:39.177Z ERROR axios failed after all retries:
Error: getaddrinfo ENOTFOUND api.pythagora.ai
Stack: Error: getaddrinfo ENOTFOUND api.pythagora.ai
	at AxiosError.from (c:\Users\mohan\.vscode\extensions\pythagoratechnologies.pythagora-vs-code-2.6.19\node_modules\axios\dist\node\axios.cjs:857:14)
	at RedirectableRequest.handleRequestError (c:\Users\mohan\.vscode\extensions\pythagoratechnologies.pythagora-vs-code-2.6.19\node_modules\axios\dist\node\axios.cjs:3169:25)
	at RedirectableRequest.emit (node:events:519:28)
	at RedirectableRequest.emit (node:domain:489:12)
	at eventHandlers.<computed> (c:\Users\mohan\.vscode\extensions\pythagoratechnologies.pythagora-vs-code-2.6.19\node_modules\follow-redirects\index.js:49:24)
	at ClientRequest.emit (node:events:531:35)
	at ClientRequest.emit (node:domain:489:12)
	at emitErrorEvent (node:_http_client:107:11)
	at TLSSocket.socketErrorListener (node:_http_client:574:5)
	at TLSSocket.emit (node:events:519:28)
	at TLSSocket.emit (node:domain:489:12)
	at emitErrorNT (node:internal/streams/destroy:170:8)
	at emitErrorCloseNT (node:internal/streams/destroy:129:3)
	at process.processTicksAndRejections (node:internal/process/task_queues:90:21)
	at Axios.request (c:\Users\mohan\.vscode\extensions\pythagoratechnologies.pythagora-vs-code-2.6.19\node_modules\axios\dist\node\axios.cjs:4258:41)
	at process.processTicksAndRejections (node:internal/process/task_queues:105:5)
	at async c:\Users\mohan\.vscode\extensions\pythagoratechnologies.pythagora-vs-code-2.6.19\out\services\authService.js:20:67
	at async withRetry (c:\Users\mohan\.vscode\extensions\pythagoratechnologies.pythagora-vs-code-2.6.19\out\utils\axios.js:22:20)
	at async Object.refreshTokens (c:\Users\mohan\.vscode\extensions\pythagoratechnologies.pythagora-vs-code-2.6.19\out\services\authService.js:20:26)
	at async Timeout._onTimeout (c:\Users\mohan\.vscode\extensions\pythagoratechnologies.pythagora-vs-code-2.6.19\out\extension.js:279:13)
Extra context: {
  "code": "ENOTFOUND",
  "message": "getaddrinfo ENOTFOUND api.pythagora.ai"
}
2026-03-11T16:17:39.181Z ERROR Token refresh failed:
Error: getaddrinfo ENOTFOUND api.pythagora.ai
Stack: Error: getaddrinfo ENOTFOUND api.pythagora.ai
	at AxiosError.from (c:\Users\mohan\.vscode\extensions\pythagoratechnologies.pythagora-vs-code-2.6.19\node_modules\axios\dist\node\axios.cjs:857:14)
	at RedirectableRequest.handleRequestError (c:\Users\mohan\.vscode\extensions\pythagoratechnologies.pythagora-vs-code-2.6.19\node_modules\axios\dist\node\axios.cjs:3169:25)
	at RedirectableRequest.emit (node:events:519:28)
	at RedirectableRequest.emit (node:domain:489:12)
	at eventHandlers.<computed> (c:\Users\mohan\.vscode\extensions\pythagoratechnologies.pythagora-vs-code-2.6.19\node_modules\follow-redirects\index.js:49:24)
	at ClientRequest.emit (node:events:531:35)
	at ClientRequest.emit (node:domain:489:12)
	at emitErrorEvent (node:_http_client:107:11)
	at TLSSocket.socketErrorListener (node:_http_client:574:5)
	at TLSSocket.emit (node:events:519:28)
	at TLSSocket.emit (node:domain:489:12)
	at emitErrorNT (node:internal/streams/destroy:170:8)
	at emitErrorCloseNT (node:internal/streams/destroy:129:3)
	at process.processTicksAndRejections (node:internal/process/task_queues:90:21)
	at Axios.request (c:\Users\mohan\.vscode\extensions\pythagoratechnologies.pythagora-vs-code-2.6.19\node_modules\axios\dist\node\axios.cjs:4258:41)
	at process.processTicksAndRejections (node:internal/process/task_queues:105:5)
	at async c:\Users\mohan\.vscode\extensions\pythagoratechnologies.pythagora-vs-code-2.6.19\out\services\authService.js:20:67
	at async withRetry (c:\Users\mohan\.vscode\extensions\pythagoratechnologies.pythagora-vs-code-2.6.19\out\utils\axios.js:22:20)
	at async Object.refreshTokens (c:\Users\mohan\.vscode\extensions\pythagoratechnologies.pythagora-vs-code-2.6.19\out\services\authService.js:20:26)
	at async Timeout._onTimeout (c:\Users\mohan\.vscode\extensions\pythagoratechnologies.pythagora-vs-code-2.6.19\out\extension.js:279:13)
Extra context: {
  "code": "ENOTFOUND",
  "message": "getaddrinfo ENOTFOUND api.pythagora.ai"
}
2026-03-11T16:22:39.186Z ERROR axios failed after all retries:
Error: getaddrinfo ENOTFOUND api.pythagora.ai
Stack: Error: getaddrinfo ENOTFOUND api.pythagora.ai
	at AxiosError.from (c:\Users\mohan\.vscode\extensions\pythagoratechnologies.pythagora-vs-code-2.6.19\node_modules\axios\dist\node\axios.cjs:857:14)
	at RedirectableRequest.handleRequestError (c:\Users\mohan\.vscode\extensions\pythagoratechnologies.pythagora-vs-code-2.6.19\node_modules\axios\dist\node\axios.cjs:3169:25)
	at RedirectableRequest.emit (node:events:519:28)
	at RedirectableRequest.emit (node:domain:489:12)
	at eventHandlers.<computed> (c:\Users\mohan\.vscode\extensions\pythagoratechnologies.pythagora-vs-code-2.6.19\node_modules\follow-redirects\index.js:49:24)
	at ClientRequest.emit (node:events:531:35)
	at ClientRequest.emit (node:domain:489:12)
	at emitErrorEvent (node:_http_client:107:11)
	at TLSSocket.socketErrorListener (node:_http_client:574:5)
	at TLSSocket.emit (node:events:519:28)
	at TLSSocket.emit (node:domain:489:12)
	at emitErrorNT (node:internal/streams/destroy:170:8)
	at emitErrorCloseNT (node:internal/streams/destroy:129:3)
	at process.processTicksAndRejections (node:internal/process/task_queues:90:21)
	at Axios.request (c:\Users\mohan\.vscode\extensions\pythagoratechnologies.pythagora-vs-code-2.6.19\node_modules\axios\dist\node\axios.cjs:4258:41)
	at process.processTicksAndRejections (node:internal/process/task_queues:105:5)
	at async c:\Users\mohan\.vscode\extensions\pythagoratechnologies.pythagora-vs-code-2.6.19\out\services\authService.js:20:67
	at async withRetry (c:\Users\mohan\.vscode\extensions\pythagoratechnologies.pythagora-vs-code-2.6.19\out\utils\axios.js:22:20)
	at async Object.refreshTokens (c:\Users\mohan\.vscode\extensions\pythagoratechnologies.pythagora-vs-code-2.6.19\out\services\authService.js:20:26)
	at async Timeout._onTimeout (c:\Users\mohan\.vscode\extensions\pythagoratechnologies.pythagora-vs-code-2.6.19\out\extension.js:279:13)
Extra context: {
  "code": "ENOTFOUND",
  "message": "getaddrinfo ENOTFOUND api.pythagora.ai"
}
2026-03-11T16:22:39.189Z ERROR Token refresh failed:
Error: getaddrinfo ENOTFOUND api.pythagora.ai
Stack: Error: getaddrinfo ENOTFOUND api.pythagora.ai
	at AxiosError.from (c:\Users\mohan\.vscode\extensions\pythagoratechnologies.pythagora-vs-code-2.6.19\node_modules\axios\dist\node\axios.cjs:857:14)
	at RedirectableRequest.handleRequestError (c:\Users\mohan\.vscode\extensions\pythagoratechnologies.pythagora-vs-code-2.6.19\node_modules\axios\dist\node\axios.cjs:3169:25)
	at RedirectableRequest.emit (node:events:519:28)
	at RedirectableRequest.emit (node:domain:489:12)
	at eventHandlers.<computed> (c:\Users\mohan\.vscode\extensions\pythagoratechnologies.pythagora-vs-code-2.6.19\node_modules\follow-redirects\index.js:49:24)
	at ClientRequest.emit (node:events:531:35)
	at ClientRequest.emit (node:domain:489:12)
	at emitErrorEvent (node:_http_client:107:11)
	at TLSSocket.socketErrorListener (node:_http_client:574:5)
	at TLSSocket.emit (node:events:519:28)
	at TLSSocket.emit (node:domain:489:12)
	at emitErrorNT (node:internal/streams/destroy:170:8)
	at emitErrorCloseNT (node:internal/streams/destroy:129:3)
	at process.processTicksAndRejections (node:internal/process/task_queues:90:21)
	at Axios.request (c:\Users\mohan\.vscode\extensions\pythagoratechnologies.pythagora-vs-code-2.6.19\node_modules\axios\dist\node\axios.cjs:4258:41)
	at process.processTicksAndRejections (node:internal/process/task_queues:105:5)
	at async c:\Users\mohan\.vscode\extensions\pythagoratechnologies.pythagora-vs-code-2.6.19\out\services\authService.js:20:67
	at async withRetry (c:\Users\mohan\.vscode\extensions\pythagoratechnologies.pythagora-vs-code-2.6.19\out\utils\axios.js:22:20)
	at async Object.refreshTokens (c:\Users\mohan\.vscode\extensions\pythagoratechnologies.pythagora-vs-code-2.6.19\out\services\authService.js:20:26)
	at async Timeout._onTimeout (c:\Users\mohan\.vscode\extensions\pythagoratechnologies.pythagora-vs-code-2.6.19\out\extension.js:279:13)
Extra context: {
  "code": "ENOTFOUND",
  "message": "getaddrinfo ENOTFOUND api.pythagora.ai"
}
2026-03-12T07:19:53.882Z INFO Is remote: false
2026-03-12T07:19:53.885Z INFO Starting Local. Installation path: c:\Users\mohan\OneDrive\Desktop\Exam
2026-03-12T07:19:53.888Z INFO [MainProvider] Creating new MainProvider instance...
2026-03-12T07:19:53.892Z INFO [TabsManager] Code view listener set up at initialization
2026-03-12T07:19:53.896Z INFO Installation path exists: c:\Users\mohan\OneDrive\Desktop\Exam
2026-03-12T07:19:53.898Z INFO Initializing database with URL: file:c:\Users\mohan\OneDrive\Desktop\Exam\pythagora-core\data\database\pythagora.db
2026-03-12T07:19:53.908Z INFO Database file exists, skipping prisma generate/push for faster startup
2026-03-12T07:19:53.910Z INFO Database initialized successfully
2026-03-12T07:19:53.913Z INFO [Migration] Checking for database migration...
2026-03-12T07:19:54.130Z INFO [Migration] No migration needed
2026-03-12T07:21:09.906Z INFO [TabsManager] First file opened, triggering split view
2026-03-12T07:21:09.908Z INFO [MainProvider] First file opened, creating split view
2026-03-12T09:53:48.918Z INFO [TabsManager] First file opened, triggering split view
2026-03-12T09:53:48.923Z INFO [MainProvider] First file opened, creating split view
2026-03-12T10:04:56.692Z INFO [TabsManager] First file opened, triggering split view
2026-03-12T10:04:56.693Z INFO [MainProvider] First file opened, creating split view
2026-03-12T10:04:56.894Z INFO [TabsManager] First file opened, triggering split view
2026-03-12T10:04:56.895Z INFO [MainProvider] First file opened, creating split view
2026-03-12T10:05:13.104Z INFO [TabsManager] First file opened, triggering split view
2026-03-12T10:05:13.105Z INFO [MainProvider] First file opened, creating split view
2026-03-12T10:05:19.624Z INFO [TabsManager] First file opened, triggering split view
2026-03-12T10:05:19.625Z INFO [MainProvider] First file opened, creating split view
2026-03-12T10:07:59.789Z INFO [TabsManager] First file opened, triggering split view
2026-03-12T10:07:59.790Z INFO [MainProvider] First file opened, creating split view
2026-03-12T10:08:25.365Z INFO [TabsManager] First file opened, triggering split view
2026-03-12T10:08:25.366Z INFO [MainProvider] First file opened, creating split view
2026-03-12T10:08:29.413Z INFO [TabsManager] First file opened, triggering split view
2026-03-12T10:08:29.413Z INFO [MainProvider] First file opened, creating split view
2026-03-12T10:08:41.558Z INFO [TabsManager] First file opened, triggering split view
2026-03-12T10:08:41.558Z INFO [MainProvider] First file opened, creating split view
2026-03-12T10:08:47.139Z INFO [TabsManager] First file opened, triggering split view
2026-03-12T10:08:47.140Z INFO [MainProvider] First file opened, creating split view
2026-03-12T10:08:52.238Z INFO [TabsManager] First file opened, triggering split view
2026-03-12T10:08:52.238Z INFO [MainProvider] First file opened, creating split view
2026-03-12T10:11:39.498Z INFO [TabsManager] First file opened, triggering split view
2026-03-12T10:11:39.499Z INFO [MainProvider] First file opened, creating split view
2026-03-12T10:11:39.582Z INFO [TabsManager] First file opened, triggering split view
2026-03-12T10:11:39.583Z INFO [MainProvider] First file opened, creating split view
2026-03-12T10:12:01.793Z INFO [TabsManager] First file opened, triggering split view
2026-03-12T10:12:01.794Z INFO [MainProvider] First file opened, creating split view
2026-03-12T10:12:04.808Z INFO [TabsManager] First file opened, triggering split view
2026-03-12T10:12:04.808Z INFO [MainProvider] First file opened, creating split view
2026-03-12T10:12:07.698Z INFO [TabsManager] First file opened, triggering split view
2026-03-12T10:12:07.699Z INFO [MainProvider] First file opened, creating split view
2026-03-12T10:13:26.210Z INFO [TabsManager] First file opened, triggering split view
2026-03-12T10:13:26.211Z INFO [MainProvider] First file opened, creating split view
2026-03-12T10:14:53.087Z INFO [TabsManager] First file opened, triggering split view
2026-03-12T10:14:53.088Z INFO [MainProvider] First file opened, creating split view
2026-03-12T10:19:25.095Z INFO [TabsManager] First file opened, triggering split view
2026-03-12T10:19:25.096Z INFO [MainProvider] First file opened, creating split view
2026-03-12T10:19:25.222Z INFO [TabsManager] First file opened, triggering split view
2026-03-12T10:19:25.223Z INFO [MainProvider] First file opened, creating split view
2026-03-12T10:19:54.995Z INFO [TabsManager] First file opened, triggering split view
2026-03-12T10:19:54.996Z INFO [MainProvider] First file opened, creating split view
2026-03-12T10:19:58.146Z INFO [TabsManager] First file opened, triggering split view
2026-03-12T10:19:58.146Z INFO [MainProvider] First file opened, creating split view
2026-03-12T10:21:09.601Z INFO [TabsManager] First file opened, triggering split view
2026-03-12T10:21:09.602Z INFO [MainProvider] First file opened, creating split view
2026-03-12T10:21:10.230Z INFO [TabsManager] First file opened, triggering split view
2026-03-12T10:21:10.230Z INFO [MainProvider] First file opened, creating split view
2026-03-12T10:21:19.791Z INFO [TabsManager] First file opened, triggering split view
2026-03-12T10:21:19.792Z INFO [MainProvider] First file opened, creating split view
2026-03-12T10:21:22.242Z INFO [TabsManager] First file opened, triggering split view
2026-03-12T10:21:22.243Z INFO [MainProvider] First file opened, creating split view
2026-03-12T10:21:43.152Z INFO [TabsManager] First file opened, triggering split view
2026-03-12T10:21:43.152Z INFO [MainProvider] First file opened, creating split view
2026-03-12T10:25:36.142Z INFO [TabsManager] First file opened, triggering split view
2026-03-12T10:25:36.143Z INFO [MainProvider] First file opened, creating split view
2026-03-12T10:25:36.417Z INFO [TabsManager] First file opened, triggering split view
2026-03-12T10:25:36.418Z INFO [MainProvider] First file opened, creating split view
2026-03-12T10:25:53.754Z INFO [TabsManager] First file opened, triggering split view
2026-03-12T10:25:53.754Z INFO [MainProvider] First file opened, creating split view
2026-03-12T10:27:47.894Z INFO [TabsManager] First file opened, triggering split view
2026-03-12T10:27:47.895Z INFO [MainProvider] First file opened, creating split view
2026-03-12T10:28:46.950Z INFO [TabsManager] First file opened, triggering split view
2026-03-12T10:28:46.950Z INFO [MainProvider] First file opened, creating split view
2026-03-12T10:29:01.268Z INFO [TabsManager] First file opened, triggering split view
2026-03-12T10:29:01.268Z INFO [MainProvider] First file opened, creating split view
2026-03-12T10:29:42.406Z INFO [TabsManager] First file opened, triggering split view
2026-03-12T10:29:42.407Z INFO [MainProvider] First file opened, creating split view
2026-03-12T10:30:24.742Z INFO [TabsManager] First file opened, triggering split view
2026-03-12T10:30:24.743Z INFO [MainProvider] First file opened, creating split view
2026-03-12T10:30:28.869Z INFO [TabsManager] First file opened, triggering split view
2026-03-12T10:30:28.870Z INFO [MainProvider] First file opened, creating split view
2026-03-12T10:31:08.618Z INFO [TabsManager] First file opened, triggering split view
2026-03-12T10:31:08.619Z INFO [MainProvider] First file opened, creating split view
2026-03-12T10:31:22.581Z INFO [TabsManager] First file opened, triggering split view
2026-03-12T10:31:22.582Z INFO [MainProvider] First file opened, creating split view
2026-03-12T10:37:18.029Z INFO [TabsManager] First file opened, triggering split view
2026-03-12T10:37:18.030Z INFO [MainProvider] First file opened, creating split view
2026-03-12T10:37:19.272Z INFO [TabsManager] First file opened, triggering split view
2026-03-12T10:37:19.273Z INFO [MainProvider] First file opened, creating split view
2026-03-12T10:37:55.876Z INFO [TabsManager] First file opened, triggering split view
2026-03-12T10:37:55.877Z INFO [MainProvider] First file opened, creating split view
2026-03-12T10:38:04.753Z INFO [TabsManager] First file opened, triggering split view
2026-03-12T10:38:04.754Z INFO [MainProvider] First file opened, creating split view
2026-03-12T10:38:15.103Z INFO [TabsManager] First file opened, triggering split view
2026-03-12T10:38:15.104Z INFO [MainProvider] First file opened, creating split view
2026-03-12T10:38:21.413Z INFO [TabsManager] First file opened, triggering split view
2026-03-12T10:38:21.414Z INFO [MainProvider] First file opened, creating split view
2026-03-12T10:38:26.224Z INFO [TabsManager] First file opened, triggering split view
2026-03-12T10:38:26.225Z INFO [MainProvider] First file opened, creating split view
2026-03-12T10:47:22.685Z INFO [TabsManager] First file opened, triggering split view
2026-03-12T10:47:22.685Z INFO [MainProvider] First file opened, creating split view
2026-03-12T10:47:22.849Z INFO [TabsManager] First file opened, triggering split view
2026-03-12T10:47:22.849Z INFO [MainProvider] First file opened, creating split view
2026-03-12T10:58:14.444Z INFO [TabsManager] First file opened, triggering split view
2026-03-12T10:58:14.445Z INFO [MainProvider] First file opened, creating split view
2026-03-12T11:26:26.356Z INFO Closing entire Pythagora extension...
2026-03-12T11:26:26.366Z ERROR Error closing extension
Error: Canceled
Stack: Canceled: Canceled
	at new aI (file:///c:/Users/mohan/AppData/Local/Programs/Microsoft%20VS%20Code/ce099c1ed2/resources/app/out/vs/workbench/api/node/extensionHostProcess.js:407:147949)
	at r._remoteCall (file:///c:/Users/mohan/AppData/Local/Programs/Microsoft%20VS%20Code/ce099c1ed2/resources/app/out/vs/workbench/api/node/extensionHostProcess.js:407:154001)
	at i.<computed>.s.charCodeAt.i.<computed> (file:///c:/Users/mohan/AppData/Local/Programs/Microsoft%20VS%20Code/ce099c1ed2/resources/app/out/vs/workbench/api/node/extensionHostProcess.js:407:150796)
	at Zm._doExecuteCommand (file:///c:/Users/mohan/AppData/Local/Programs/Microsoft%20VS%20Code/ce099c1ed2/resources/app/out/vs/workbench/api/node/extensionHostProcess.js:494:48120)
	at Zm.executeCommand (file:///c:/Users/mohan/AppData/Local/Programs/Microsoft%20VS%20Code/ce099c1ed2/resources/app/out/vs/workbench/api/node/extensionHostProcess.js:494:47567)
	at Object.executeCommand (file:///c:/Users/mohan/AppData/Local/Programs/Microsoft%20VS%20Code/ce099c1ed2/resources/app/out/vs/workbench/api/node/extensionHostProcess.js:608:129144)
	at closeEntirePythagoraExtension (c:\Users\mohan\.vscode\extensions\pythagoratechnologies.pythagora-vs-code-2.6.19\out\extension.js:542:31)
	at Object.deactivate (c:\Users\mohan\.vscode\extensions\pythagoratechnologies.pythagora-vs-code-2.6.19\out\extension.js:409:15)
	at ck._deactivate (file:///c:/Users/mohan/AppData/Local/Programs/Microsoft%20VS%20Code/ce099c1ed2/resources/app/out/vs/workbench/api/node/extensionHostProcess.js:498:14479)
	at file:///c:/Users/mohan/AppData/Local/Programs/Microsoft%20VS%20Code/ce099c1ed2/resources/app/out/vs/workbench/api/node/extensionHostProcess.js:498:12006
	at Array.map (<anonymous>)
	at ck._deactivateAll (file:///c:/Users/mohan/AppData/Local/Programs/Microsoft%20VS%20Code/ce099c1ed2/resources/app/out/vs/workbench/api/node/extensionHostProcess.js:498:11994)
	at ck.terminate (file:///c:/Users/mohan/AppData/Local/Programs/Microsoft%20VS%20Code/ce099c1ed2/resources/app/out/vs/workbench/api/node/extensionHostProcess.js:498:12345)
	at r.terminate (file:///c:/Users/mohan/AppData/Local/Programs/Microsoft%20VS%20Code/ce099c1ed2/resources/app/out/vs/workbench/api/node/extensionHostProcess.js:500:1072)
	at Fs (file:///c:/Users/mohan/AppData/Local/Programs/Microsoft%20VS%20Code/ce099c1ed2/resources/app/out/vs/workbench/api/node/extensionHostProcess.js:800:11700)
	at MessagePortMain.<anonymous> (file:///c:/Users/mohan/AppData/Local/Programs/Microsoft%20VS%20Code/ce099c1ed2/resources/app/out/vs/workbench/api/node/extensionHostProcess.js:800:8122)
	at MessagePortMain.emit (node:events:519:28)
	at MessagePortMain.emit (node:domain:489:12)
	at MessagePortMain._internalPort.emit (node:electron/js2c/utility_init:2:2959)
	at Object.topLevelDomainCallback (node:domain:161:15)
	at Object.callbackTrampoline (node:internal/async_hooks:128:24)
Extra context: {
  "message": "Canceled"
}
2026-03-12T11:27:53.611Z INFO Is remote: false
2026-03-12T11:27:53.612Z INFO Starting Local. Installation path: c:\Users\mohan\OneDrive\Desktop\Exam
2026-03-12T11:27:53.614Z INFO [MainProvider] Creating new MainProvider instance...
2026-03-12T11:27:53.616Z INFO [TabsManager] Code view listener set up at initialization
2026-03-12T11:27:53.618Z INFO Installation path exists: c:\Users\mohan\OneDrive\Desktop\Exam
2026-03-12T11:27:53.619Z INFO Initializing database with URL: file:c:\Users\mohan\OneDrive\Desktop\Exam\pythagora-core\data\database\pythagora.db
2026-03-12T11:27:53.624Z INFO Database file exists, skipping prisma generate/push for faster startup
2026-03-12T11:27:53.625Z INFO Database initialized successfully
2026-03-12T11:27:53.626Z INFO [Migration] Checking for database migration...
2026-03-12T11:27:53.807Z INFO [Migration] No migration needed
2026-03-12T11:31:32.657Z INFO Closing entire Pythagora extension...
2026-03-12T11:31:32.661Z ERROR Error closing extension
Error: Canceled
Stack: Canceled: Canceled
	at new aI (file:///c:/Users/mohan/AppData/Local/Programs/Microsoft%20VS%20Code/ce099c1ed2/resources/app/out/vs/workbench/api/node/extensionHostProcess.js:407:147949)
	at r._remoteCall (file:///c:/Users/mohan/AppData/Local/Programs/Microsoft%20VS%20Code/ce099c1ed2/resources/app/out/vs/workbench/api/node/extensionHostProcess.js:407:154001)
	at i.<computed>.s.charCodeAt.i.<computed> (file:///c:/Users/mohan/AppData/Local/Programs/Microsoft%20VS%20Code/ce099c1ed2/resources/app/out/vs/workbench/api/node/extensionHostProcess.js:407:150796)
	at Zm._doExecuteCommand (file:///c:/Users/mohan/AppData/Local/Programs/Microsoft%20VS%20Code/ce099c1ed2/resources/app/out/vs/workbench/api/node/extensionHostProcess.js:494:48120)
	at Zm.executeCommand (file:///c:/Users/mohan/AppData/Local/Programs/Microsoft%20VS%20Code/ce099c1ed2/resources/app/out/vs/workbench/api/node/extensionHostProcess.js:494:47567)
	at Object.executeCommand (file:///c:/Users/mohan/AppData/Local/Programs/Microsoft%20VS%20Code/ce099c1ed2/resources/app/out/vs/workbench/api/node/extensionHostProcess.js:608:129144)
	at closeEntirePythagoraExtension (c:\Users\mohan\.vscode\extensions\pythagoratechnologies.pythagora-vs-code-2.6.19\out\extension.js:542:31)
	at Object.deactivate (c:\Users\mohan\.vscode\extensions\pythagoratechnologies.pythagora-vs-code-2.6.19\out\extension.js:409:15)
	at ck._deactivate (file:///c:/Users/mohan/AppData/Local/Programs/Microsoft%20VS%20Code/ce099c1ed2/resources/app/out/vs/workbench/api/node/extensionHostProcess.js:498:14479)
	at file:///c:/Users/mohan/AppData/Local/Programs/Microsoft%20VS%20Code/ce099c1ed2/resources/app/out/vs/workbench/api/node/extensionHostProcess.js:498:12006
	at Array.map (<anonymous>)
	at ck._deactivateAll (file:///c:/Users/mohan/AppData/Local/Programs/Microsoft%20VS%20Code/ce099c1ed2/resources/app/out/vs/workbench/api/node/extensionHostProcess.js:498:11994)
	at ck.terminate (file:///c:/Users/mohan/AppData/Local/Programs/Microsoft%20VS%20Code/ce099c1ed2/resources/app/out/vs/workbench/api/node/extensionHostProcess.js:498:12345)
	at r.terminate (file:///c:/Users/mohan/AppData/Local/Programs/Microsoft%20VS%20Code/ce099c1ed2/resources/app/out/vs/workbench/api/node/extensionHostProcess.js:500:1072)
	at Fs (file:///c:/Users/mohan/AppData/Local/Programs/Microsoft%20VS%20Code/ce099c1ed2/resources/app/out/vs/workbench/api/node/extensionHostProcess.js:800:11700)
	at MessagePortMain.<anonymous> (file:///c:/Users/mohan/AppData/Local/Programs/Microsoft%20VS%20Code/ce099c1ed2/resources/app/out/vs/workbench/api/node/extensionHostProcess.js:800:8122)
	at MessagePortMain.emit (node:events:519:28)
	at MessagePortMain.emit (node:domain:489:12)
	at MessagePortMain._internalPort.emit (node:electron/js2c/utility_init:2:2959)
Extra context: {
  "message": "Canceled"
}
2026-03-12T15:09:37.832Z INFO Is remote: false
2026-03-12T15:09:37.835Z INFO Starting Local. Installation path: c:\Users\mohan\OneDrive\Desktop\Exam
2026-03-12T15:09:37.838Z INFO [MainProvider] Creating new MainProvider instance...
2026-03-12T15:09:37.841Z INFO [TabsManager] Code view listener set up at initialization
2026-03-12T15:09:37.845Z INFO Installation path exists: c:\Users\mohan\OneDrive\Desktop\Exam
2026-03-12T15:09:37.848Z INFO Initializing database with URL: file:c:\Users\mohan\OneDrive\Desktop\Exam\pythagora-core\data\database\pythagora.db
2026-03-12T15:09:37.860Z INFO Database file exists, skipping prisma generate/push for faster startup
2026-03-12T15:09:37.863Z INFO Database initialized successfully
2026-03-12T15:09:37.867Z INFO [Migration] Checking for database migration...
2026-03-12T15:09:38.295Z INFO [Migration] No migration needed
2026-03-13T08:37:43.023Z INFO Is remote: false
2026-03-13T08:37:43.025Z INFO Starting Local. Installation path: c:\Users\mohan\OneDrive\Desktop\Exam
2026-03-13T08:37:43.026Z INFO [MainProvider] Creating new MainProvider instance...
2026-03-13T08:37:43.028Z INFO [TabsManager] Code view listener set up at initialization
2026-03-13T08:37:43.030Z INFO Installation path exists: c:\Users\mohan\OneDrive\Desktop\Exam
2026-03-13T08:37:43.031Z INFO Initializing database with URL: file:c:\Users\mohan\OneDrive\Desktop\Exam\pythagora-core\data\database\pythagora.db
2026-03-13T08:37:43.036Z INFO Database file exists, skipping prisma generate/push for faster startup
2026-03-13T08:37:43.036Z INFO Database initialized successfully
2026-03-13T08:37:43.038Z INFO [Migration] Checking for database migration...
2026-03-13T08:37:43.143Z INFO [Migration] No migration needed
2026-03-13T08:39:03.173Z INFO Closing entire Pythagora extension...
2026-03-13T08:39:03.177Z ERROR Error closing extension
Error: Canceled
Stack: Canceled: Canceled
	at new aI (file:///c:/Users/mohan/AppData/Local/Programs/Microsoft%20VS%20Code/ce099c1ed2/resources/app/out/vs/workbench/api/node/extensionHostProcess.js:407:147949)
	at r._remoteCall (file:///c:/Users/mohan/AppData/Local/Programs/Microsoft%20VS%20Code/ce099c1ed2/resources/app/out/vs/workbench/api/node/extensionHostProcess.js:407:154001)
	at i.<computed>.s.charCodeAt.i.<computed> (file:///c:/Users/mohan/AppData/Local/Programs/Microsoft%20VS%20Code/ce099c1ed2/resources/app/out/vs/workbench/api/node/extensionHostProcess.js:407:150796)
	at Zm._doExecuteCommand (file:///c:/Users/mohan/AppData/Local/Programs/Microsoft%20VS%20Code/ce099c1ed2/resources/app/out/vs/workbench/api/node/extensionHostProcess.js:494:48120)
	at Zm.executeCommand (file:///c:/Users/mohan/AppData/Local/Programs/Microsoft%20VS%20Code/ce099c1ed2/resources/app/out/vs/workbench/api/node/extensionHostProcess.js:494:47567)
	at Object.executeCommand (file:///c:/Users/mohan/AppData/Local/Programs/Microsoft%20VS%20Code/ce099c1ed2/resources/app/out/vs/workbench/api/node/extensionHostProcess.js:608:129144)
	at closeEntirePythagoraExtension (c:\Users\mohan\.vscode\extensions\pythagoratechnologies.pythagora-vs-code-2.6.19\out\extension.js:542:31)
	at Object.deactivate (c:\Users\mohan\.vscode\extensions\pythagoratechnologies.pythagora-vs-code-2.6.19\out\extension.js:409:15)
	at ck._deactivate (file:///c:/Users/mohan/AppData/Local/Programs/Microsoft%20VS%20Code/ce099c1ed2/resources/app/out/vs/workbench/api/node/extensionHostProcess.js:498:14479)
	at file:///c:/Users/mohan/AppData/Local/Programs/Microsoft%20VS%20Code/ce099c1ed2/resources/app/out/vs/workbench/api/node/extensionHostProcess.js:498:12006
	at Array.map (<anonymous>)
	at ck._deactivateAll (file:///c:/Users/mohan/AppData/Local/Programs/Microsoft%20VS%20Code/ce099c1ed2/resources/app/out/vs/workbench/api/node/extensionHostProcess.js:498:11994)
	at ck.terminate (file:///c:/Users/mohan/AppData/Local/Programs/Microsoft%20VS%20Code/ce099c1ed2/resources/app/out/vs/workbench/api/node/extensionHostProcess.js:498:12345)
	at r.terminate (file:///c:/Users/mohan/AppData/Local/Programs/Microsoft%20VS%20Code/ce099c1ed2/resources/app/out/vs/workbench/api/node/extensionHostProcess.js:500:1072)
	at Fs (file:///c:/Users/mohan/AppData/Local/Programs/Microsoft%20VS%20Code/ce099c1ed2/resources/app/out/vs/workbench/api/node/extensionHostProcess.js:800:11700)
	at MessagePortMain.<anonymous> (file:///c:/Users/mohan/AppData/Local/Programs/Microsoft%20VS%20Code/ce099c1ed2/resources/app/out/vs/workbench/api/node/extensionHostProcess.js:800:8122)
	at MessagePortMain.emit (node:events:519:28)
	at MessagePortMain.emit (node:domain:489:12)
	at MessagePortMain._internalPort.emit (node:electron/js2c/utility_init:2:2959)
Extra context: {
  "message": "Canceled"
}
2026-03-13T09:51:32.451Z INFO Is remote: false
2026-03-13T09:51:32.452Z INFO Starting Local. Installation path: c:\Users\mohan\OneDrive\Desktop\Exam
2026-03-13T09:51:32.453Z INFO [MainProvider] Creating new MainProvider instance...
2026-03-13T09:51:32.455Z INFO [TabsManager] Code view listener set up at initialization
2026-03-13T09:51:32.456Z INFO Installation path exists: c:\Users\mohan\OneDrive\Desktop\Exam
2026-03-13T09:51:32.457Z INFO Initializing database with URL: file:c:\Users\mohan\OneDrive\Desktop\Exam\pythagora-core\data\database\pythagora.db
2026-03-13T09:51:32.461Z INFO Database file exists, skipping prisma generate/push for faster startup
2026-03-13T09:51:32.461Z INFO Database initialized successfully
2026-03-13T09:51:32.462Z INFO [Migration] Checking for database migration...
2026-03-13T09:51:32.545Z INFO [Migration] No migration needed
2026-03-13T09:53:32.172Z INFO [TabsManager] First file opened, triggering split view
2026-03-13T09:53:32.173Z INFO [MainProvider] First file opened, creating split view
2026-03-13T18:37:32.922Z ERROR axios failed after all retries:
Error: 
Stack: AggregateError: 
	at AxiosError.from (c:\Users\mohan\.vscode\extensions\pythagoratechnologies.pythagora-vs-code-2.6.19\node_modules\axios\dist\node\axios.cjs:857:14)
	at RedirectableRequest.handleRequestError (c:\Users\mohan\.vscode\extensions\pythagoratechnologies.pythagora-vs-code-2.6.19\node_modules\axios\dist\node\axios.cjs:3169:25)
	at RedirectableRequest.emit (node:events:519:28)
	at RedirectableRequest.emit (node:domain:489:12)
	at eventHandlers.<computed> (c:\Users\mohan\.vscode\extensions\pythagoratechnologies.pythagora-vs-code-2.6.19\node_modules\follow-redirects\index.js:49:24)
	at ClientRequest.emit (node:events:531:35)
	at ClientRequest.emit (node:domain:489:12)
	at emitErrorEvent (node:_http_client:107:11)
	at TLSSocket.socketErrorListener (node:_http_client:574:5)
	at TLSSocket.emit (node:events:519:28)
	at TLSSocket.emit (node:domain:489:12)
	at emitErrorNT (node:internal/streams/destroy:170:8)
	at emitErrorCloseNT (node:internal/streams/destroy:129:3)
	at process.processTicksAndRejections (node:internal/process/task_queues:90:21)
	at Axios.request (c:\Users\mohan\.vscode\extensions\pythagoratechnologies.pythagora-vs-code-2.6.19\node_modules\axios\dist\node\axios.cjs:4258:41)
	at process.processTicksAndRejections (node:internal/process/task_queues:105:5)
	at async c:\Users\mohan\.vscode\extensions\pythagoratechnologies.pythagora-vs-code-2.6.19\out\services\authService.js:20:67
	at async withRetry (c:\Users\mohan\.vscode\extensions\pythagoratechnologies.pythagora-vs-code-2.6.19\out\utils\axios.js:22:20)
	at async Object.refreshTokens (c:\Users\mohan\.vscode\extensions\pythagoratechnologies.pythagora-vs-code-2.6.19\out\services\authService.js:20:26)
	at async Timeout._onTimeout (c:\Users\mohan\.vscode\extensions\pythagoratechnologies.pythagora-vs-code-2.6.19\out\extension.js:279:13)
Extra context: {
  "code": "ENETUNREACH",
  "message": ""
}
2026-03-13T18:37:32.950Z ERROR Token refresh failed:
Error: 
Stack: AggregateError: 
	at AxiosError.from (c:\Users\mohan\.vscode\extensions\pythagoratechnologies.pythagora-vs-code-2.6.19\node_modules\axios\dist\node\axios.cjs:857:14)
	at RedirectableRequest.handleRequestError (c:\Users\mohan\.vscode\extensions\pythagoratechnologies.pythagora-vs-code-2.6.19\node_modules\axios\dist\node\axios.cjs:3169:25)
	at RedirectableRequest.emit (node:events:519:28)
	at RedirectableRequest.emit (node:domain:489:12)
	at eventHandlers.<computed> (c:\Users\mohan\.vscode\extensions\pythagoratechnologies.pythagora-vs-code-2.6.19\node_modules\follow-redirects\index.js:49:24)
	at ClientRequest.emit (node:events:531:35)
	at ClientRequest.emit (node:domain:489:12)
	at emitErrorEvent (node:_http_client:107:11)
	at TLSSocket.socketErrorListener (node:_http_client:574:5)
	at TLSSocket.emit (node:events:519:28)
	at TLSSocket.emit (node:domain:489:12)
	at emitErrorNT (node:internal/streams/destroy:170:8)
	at emitErrorCloseNT (node:internal/streams/destroy:129:3)
	at process.processTicksAndRejections (node:internal/process/task_queues:90:21)
	at Axios.request (c:\Users\mohan\.vscode\extensions\pythagoratechnologies.pythagora-vs-code-2.6.19\node_modules\axios\dist\node\axios.cjs:4258:41)
	at process.processTicksAndRejections (node:internal/process/task_queues:105:5)
	at async c:\Users\mohan\.vscode\extensions\pythagoratechnologies.pythagora-vs-code-2.6.19\out\services\authService.js:20:67
	at async withRetry (c:\Users\mohan\.vscode\extensions\pythagoratechnologies.pythagora-vs-code-2.6.19\out\utils\axios.js:22:20)
	at async Object.refreshTokens (c:\Users\mohan\.vscode\extensions\pythagoratechnologies.pythagora-vs-code-2.6.19\out\services\authService.js:20:26)
	at async Timeout._onTimeout (c:\Users\mohan\.vscode\extensions\pythagoratechnologies.pythagora-vs-code-2.6.19\out\extension.js:279:13)
Extra context: {
  "code": "ENETUNREACH",
  "message": ""
}
2026-03-14T05:41:08.799Z ERROR axios failed after all retries:
Error: getaddrinfo ENOTFOUND api.pythagora.ai
Stack: Error: getaddrinfo ENOTFOUND api.pythagora.ai
	at AxiosError.from (c:\Users\mohan\.vscode\extensions\pythagoratechnologies.pythagora-vs-code-2.6.19\node_modules\axios\dist\node\axios.cjs:857:14)
	at RedirectableRequest.handleRequestError (c:\Users\mohan\.vscode\extensions\pythagoratechnologies.pythagora-vs-code-2.6.19\node_modules\axios\dist\node\axios.cjs:3169:25)
	at RedirectableRequest.emit (node:events:519:28)
	at RedirectableRequest.emit (node:domain:489:12)
	at eventHandlers.<computed> (c:\Users\mohan\.vscode\extensions\pythagoratechnologies.pythagora-vs-code-2.6.19\node_modules\follow-redirects\index.js:49:24)
	at ClientRequest.emit (node:events:531:35)
	at ClientRequest.emit (node:domain:489:12)
	at emitErrorEvent (node:_http_client:107:11)
	at TLSSocket.socketErrorListener (node:_http_client:574:5)
	at TLSSocket.emit (node:events:519:28)
	at TLSSocket.emit (node:domain:489:12)
	at emitErrorNT (node:internal/streams/destroy:170:8)
	at emitErrorCloseNT (node:internal/streams/destroy:129:3)
	at process.processTicksAndRejections (node:internal/process/task_queues:90:21)
	at Axios.request (c:\Users\mohan\.vscode\extensions\pythagoratechnologies.pythagora-vs-code-2.6.19\node_modules\axios\dist\node\axios.cjs:4258:41)
	at process.processTicksAndRejections (node:internal/process/task_queues:105:5)
	at async c:\Users\mohan\.vscode\extensions\pythagoratechnologies.pythagora-vs-code-2.6.19\out\services\authService.js:20:67
	at async withRetry (c:\Users\mohan\.vscode\extensions\pythagoratechnologies.pythagora-vs-code-2.6.19\out\utils\axios.js:22:20)
	at async Object.refreshTokens (c:\Users\mohan\.vscode\extensions\pythagoratechnologies.pythagora-vs-code-2.6.19\out\services\authService.js:20:26)
	at async Timeout._onTimeout (c:\Users\mohan\.vscode\extensions\pythagoratechnologies.pythagora-vs-code-2.6.19\out\extension.js:279:13)
Extra context: {
  "code": "ENOTFOUND",
  "message": "getaddrinfo ENOTFOUND api.pythagora.ai"
}
2026-03-14T05:41:08.807Z ERROR Token refresh failed:
Error: getaddrinfo ENOTFOUND api.pythagora.ai
Stack: Error: getaddrinfo ENOTFOUND api.pythagora.ai
	at AxiosError.from (c:\Users\mohan\.vscode\extensions\pythagoratechnologies.pythagora-vs-code-2.6.19\node_modules\axios\dist\node\axios.cjs:857:14)
	at RedirectableRequest.handleRequestError (c:\Users\mohan\.vscode\extensions\pythagoratechnologies.pythagora-vs-code-2.6.19\node_modules\axios\dist\node\axios.cjs:3169:25)
	at RedirectableRequest.emit (node:events:519:28)
	at RedirectableRequest.emit (node:domain:489:12)
	at eventHandlers.<computed> (c:\Users\mohan\.vscode\extensions\pythagoratechnologies.pythagora-vs-code-2.6.19\node_modules\follow-redirects\index.js:49:24)
	at ClientRequest.emit (node:events:531:35)
	at ClientRequest.emit (node:domain:489:12)
	at emitErrorEvent (node:_http_client:107:11)
	at TLSSocket.socketErrorListener (node:_http_client:574:5)
	at TLSSocket.emit (node:events:519:28)
	at TLSSocket.emit (node:domain:489:12)
	at emitErrorNT (node:internal/streams/destroy:170:8)
	at emitErrorCloseNT (node:internal/streams/destroy:129:3)
	at process.processTicksAndRejections (node:internal/process/task_queues:90:21)
	at Axios.request (c:\Users\mohan\.vscode\extensions\pythagoratechnologies.pythagora-vs-code-2.6.19\node_modules\axios\dist\node\axios.cjs:4258:41)
	at process.processTicksAndRejections (node:internal/process/task_queues:105:5)
	at async c:\Users\mohan\.vscode\extensions\pythagoratechnologies.pythagora-vs-code-2.6.19\out\services\authService.js:20:67
	at async withRetry (c:\Users\mohan\.vscode\extensions\pythagoratechnologies.pythagora-vs-code-2.6.19\out\utils\axios.js:22:20)
	at async Object.refreshTokens (c:\Users\mohan\.vscode\extensions\pythagoratechnologies.pythagora-vs-code-2.6.19\out\services\authService.js:20:26)
	at async Timeout._onTimeout (c:\Users\mohan\.vscode\extensions\pythagoratechnologies.pythagora-vs-code-2.6.19\out\extension.js:279:13)
Extra context: {
  "code": "ENOTFOUND",
  "message": "getaddrinfo ENOTFOUND api.pythagora.ai"
}
2026-03-15T04:56:39.965Z INFO Closing entire Pythagora extension...
2026-03-15T04:56:39.977Z ERROR Error closing extension
Error: Canceled
Stack: Canceled: Canceled
	at new aI (file:///c:/Users/mohan/AppData/Local/Programs/Microsoft%20VS%20Code/ce099c1ed2/resources/app/out/vs/workbench/api/node/extensionHostProcess.js:407:147949)
	at r._remoteCall (file:///c:/Users/mohan/AppData/Local/Programs/Microsoft%20VS%20Code/ce099c1ed2/resources/app/out/vs/workbench/api/node/extensionHostProcess.js:407:154001)
	at i.<computed>.s.charCodeAt.i.<computed> (file:///c:/Users/mohan/AppData/Local/Programs/Microsoft%20VS%20Code/ce099c1ed2/resources/app/out/vs/workbench/api/node/extensionHostProcess.js:407:150796)
	at Zm._doExecuteCommand (file:///c:/Users/mohan/AppData/Local/Programs/Microsoft%20VS%20Code/ce099c1ed2/resources/app/out/vs/workbench/api/node/extensionHostProcess.js:494:48120)
	at Zm.executeCommand (file:///c:/Users/mohan/AppData/Local/Programs/Microsoft%20VS%20Code/ce099c1ed2/resources/app/out/vs/workbench/api/node/extensionHostProcess.js:494:47567)
	at Object.executeCommand (file:///c:/Users/mohan/AppData/Local/Programs/Microsoft%20VS%20Code/ce099c1ed2/resources/app/out/vs/workbench/api/node/extensionHostProcess.js:608:129144)
	at closeEntirePythagoraExtension (c:\Users\mohan\.vscode\extensions\pythagoratechnologies.pythagora-vs-code-2.6.19\out\extension.js:542:31)
	at Object.deactivate (c:\Users\mohan\.vscode\extensions\pythagoratechnologies.pythagora-vs-code-2.6.19\out\extension.js:409:15)
	at ck._deactivate (file:///c:/Users/mohan/AppData/Local/Programs/Microsoft%20VS%20Code/ce099c1ed2/resources/app/out/vs/workbench/api/node/extensionHostProcess.js:498:14479)
	at file:///c:/Users/mohan/AppData/Local/Programs/Microsoft%20VS%20Code/ce099c1ed2/resources/app/out/vs/workbench/api/node/extensionHostProcess.js:498:12006
	at Array.map (<anonymous>)
	at ck._deactivateAll (file:///c:/Users/mohan/AppData/Local/Programs/Microsoft%20VS%20Code/ce099c1ed2/resources/app/out/vs/workbench/api/node/extensionHostProcess.js:498:11994)
	at ck.terminate (file:///c:/Users/mohan/AppData/Local/Programs/Microsoft%20VS%20Code/ce099c1ed2/resources/app/out/vs/workbench/api/node/extensionHostProcess.js:498:12345)
	at r.terminate (file:///c:/Users/mohan/AppData/Local/Programs/Microsoft%20VS%20Code/ce099c1ed2/resources/app/out/vs/workbench/api/node/extensionHostProcess.js:500:1072)
	at Fs (file:///c:/Users/mohan/AppData/Local/Programs/Microsoft%20VS%20Code/ce099c1ed2/resources/app/out/vs/workbench/api/node/extensionHostProcess.js:800:11700)
	at MessagePortMain.<anonymous> (file:///c:/Users/mohan/AppData/Local/Programs/Microsoft%20VS%20Code/ce099c1ed2/resources/app/out/vs/workbench/api/node/extensionHostProcess.js:800:8122)
	at MessagePortMain.emit (node:events:519:28)
	at MessagePortMain.emit (node:domain:489:12)
	at MessagePortMain._internalPort.emit (node:electron/js2c/utility_init:2:2959)
	at Object.topLevelDomainCallback (node:domain:161:15)
	at Object.callbackTrampoline (node:internal/async_hooks:128:24)
Extra context: {
  "message": "Canceled"
}
2026-03-20T09:16:22.243Z INFO Is remote: false
2026-03-20T09:16:22.244Z INFO Starting Local. Installation path: c:\Users\mohan\OneDrive\Desktop\Exam
2026-03-20T09:16:22.245Z INFO [MainProvider] Creating new MainProvider instance...
2026-03-20T09:16:22.246Z INFO [TabsManager] Code view listener set up at initialization
2026-03-20T09:16:22.247Z INFO Installation path exists: c:\Users\mohan\OneDrive\Desktop\Exam
2026-03-20T09:16:22.247Z INFO Initializing database with URL: file:c:\Users\mohan\OneDrive\Desktop\Exam\pythagora-core\data\database\pythagora.db
2026-03-20T09:16:22.251Z INFO Database file exists, skipping prisma generate/push for faster startup
2026-03-20T09:16:22.252Z INFO Database initialized successfully
2026-03-20T09:16:22.253Z INFO [Migration] Checking for database migration...
2026-03-20T09:16:22.358Z INFO [Migration] No migration needed
2026-03-20T09:16:27.100Z INFO Closing entire Pythagora extension...
2026-03-20T09:16:27.104Z ERROR Error closing extension
Error: Canceled
Stack: Canceled: Canceled
	at new aI (file:///c:/Users/mohan/AppData/Local/Programs/Microsoft%20VS%20Code/ce099c1ed2/resources/app/out/vs/workbench/api/node/extensionHostProcess.js:407:147949)
	at r._remoteCall (file:///c:/Users/mohan/AppData/Local/Programs/Microsoft%20VS%20Code/ce099c1ed2/resources/app/out/vs/workbench/api/node/extensionHostProcess.js:407:154001)
	at i.<computed>.s.charCodeAt.i.<computed> (file:///c:/Users/mohan/AppData/Local/Programs/Microsoft%20VS%20Code/ce099c1ed2/resources/app/out/vs/workbench/api/node/extensionHostProcess.js:407:150796)
	at Zm._doExecuteCommand (file:///c:/Users/mohan/AppData/Local/Programs/Microsoft%20VS%20Code/ce099c1ed2/resources/app/out/vs/workbench/api/node/extensionHostProcess.js:494:48120)
	at Zm.executeCommand (file:///c:/Users/mohan/AppData/Local/Programs/Microsoft%20VS%20Code/ce099c1ed2/resources/app/out/vs/workbench/api/node/extensionHostProcess.js:494:47567)
	at Object.executeCommand (file:///c:/Users/mohan/AppData/Local/Programs/Microsoft%20VS%20Code/ce099c1ed2/resources/app/out/vs/workbench/api/node/extensionHostProcess.js:608:129144)
	at closeEntirePythagoraExtension (c:\Users\mohan\.vscode\extensions\pythagoratechnologies.pythagora-vs-code-2.6.19\out\extension.js:542:31)
	at Object.deactivate (c:\Users\mohan\.vscode\extensions\pythagoratechnologies.pythagora-vs-code-2.6.19\out\extension.js:409:15)
	at ck._deactivate (file:///c:/Users/mohan/AppData/Local/Programs/Microsoft%20VS%20Code/ce099c1ed2/resources/app/out/vs/workbench/api/node/extensionHostProcess.js:498:14479)
	at file:///c:/Users/mohan/AppData/Local/Programs/Microsoft%20VS%20Code/ce099c1ed2/resources/app/out/vs/workbench/api/node/extensionHostProcess.js:498:12006
	at Array.map (<anonymous>)
	at ck._deactivateAll (file:///c:/Users/mohan/AppData/Local/Programs/Microsoft%20VS%20Code/ce099c1ed2/resources/app/out/vs/workbench/api/node/extensionHostProcess.js:498:11994)
	at ck.terminate (file:///c:/Users/mohan/AppData/Local/Programs/Microsoft%20VS%20Code/ce099c1ed2/resources/app/out/vs/workbench/api/node/extensionHostProcess.js:498:12345)
	at r.terminate (file:///c:/Users/mohan/AppData/Local/Programs/Microsoft%20VS%20Code/ce099c1ed2/resources/app/out/vs/workbench/api/node/extensionHostProcess.js:500:1072)
	at Fs (file:///c:/Users/mohan/AppData/Local/Programs/Microsoft%20VS%20Code/ce099c1ed2/resources/app/out/vs/workbench/api/node/extensionHostProcess.js:800:11700)
	at MessagePortMain.<anonymous> (file:///c:/Users/mohan/AppData/Local/Programs/Microsoft%20VS%20Code/ce099c1ed2/resources/app/out/vs/workbench/api/node/extensionHostProcess.js:800:8122)
	at MessagePortMain.emit (node:events:519:28)
	at MessagePortMain.emit (node:domain:489:12)
	at MessagePortMain._internalPort.emit (node:electron/js2c/utility_init:2:2959)
Extra context: {
  "message": "Canceled"
}
2026-03-24T04:52:57.477Z INFO Is remote: false
2026-03-24T04:52:57.480Z INFO Starting Local. Installation path: c:\Users\mohan\OneDrive\Desktop\Exam
2026-03-24T04:52:57.482Z INFO [MainProvider] Creating new MainProvider instance...
2026-03-24T04:52:57.484Z INFO [TabsManager] Code view listener set up at initialization
2026-03-24T04:52:57.487Z INFO Installation path exists: c:\Users\mohan\OneDrive\Desktop\Exam
2026-03-24T04:52:57.488Z INFO Initializing database with URL: file:c:\Users\mohan\OneDrive\Desktop\Exam\pythagora-core\data\database\pythagora.db
2026-03-24T04:52:57.496Z INFO Database file exists, skipping prisma generate/push for faster startup
2026-03-24T04:52:57.497Z INFO Database initialized successfully
2026-03-24T04:52:57.499Z INFO [Migration] Checking for database migration...
2026-03-24T04:52:57.746Z INFO [Migration] No migration needed
2026-03-24T04:53:40.211Z INFO [TabsManager] First file opened, triggering split view
2026-03-24T04:53:40.212Z INFO [MainProvider] First file opened, creating split view
2026-03-24T04:53:42.118Z INFO [TabsManager] First file opened, triggering split view
2026-03-24T04:53:42.119Z INFO [MainProvider] First file opened, creating split view
2026-03-24T04:53:43.937Z INFO [TabsManager] First file opened, triggering split view
2026-03-24T04:53:43.938Z INFO [MainProvider] First file opened, creating split view
